2025-08-02 02:31:42,152 INFO optimization_wrapper: run...
2025-08-02 02:31:42,153 DEBUG optimization_wrapper: Using X0 [1.04719755 1.04719755 1.04719755 1.04719755 1.04719755 1.04719755
 1.04719755 1.04719755 1.04719755 1.04719755 1.04719755 1.04719755
 1.04719755 1.04719755 1.04719755 1.04719755 1.04719755 1.04719755
 1.04719755 1.04719755 1.04719755 1.04719755 1.04719755 1.04719755
 1.04719755 1.04719755 1.04719755 1.04719755 1.04719755 1.04719755
 1.04719755 1.04719755 1.04719755 1.04719755 1.04719755 1.04719755
 1.04719755 1.04719755 1.04719755 1.04719755 1.04719755 1.04719755
 1.04719755 1.04719755 1.04719755 1.04719755 1.04719755 1.04719755
 1.04719755 1.04719755 1.04719755 1.04719755 1.04719755 1.04719755
 1.04719755 1.04719755 1.04719755 1.04719755 1.04719755 1.04719755
 1.04719755 1.04719755]
2025-08-02 02:31:42,153 INFO nft: Using parameters: max_epoch 1
2025-08-02 02:31:42,154 INFO nft: Using parameters: random_update True
2025-08-02 02:31:42,154 INFO nft: Using parameters: epoch_start 0
2025-08-02 02:31:42,154 INFO nft: Using parameters: idx_set_start None
2025-08-02 02:31:42,154 INFO nft: Using parameters: step_start 0
2025-08-02 02:31:42,432 INFO optimization_monitor: optimizer internal status: () {'idx_set': array([44, 15, 41, 29, 38, 56, 22, 55, 20, 40, 17, 53, 23, 42, 18,  7, 34,
       57, 30, 31, 10, 14, 24, 46, 48,  5, 27,  9, 45, 35, 32, 51, 50, 16,
        2, 43, 59, 13, 19, 11, 26, 21, 25, 12, 39,  1, 36, 61, 60, 54, 52,
       33,  3,  6, 49,  8,  0,  4, 37, 28, 47, 58]), 'epoch': 0, 'iter_in_epoch': 0, 'update': None, 'new_core_eval': True}
2025-08-02 02:37:46,722 INFO optimization_wrapper: run...
2025-08-02 02:37:46,722 DEBUG optimization_wrapper: Using X0 [1.04719755 1.04719755 1.04719755 1.04719755 1.04719755 1.04719755
 1.04719755 1.04719755 1.04719755 1.04719755 1.04719755 1.04719755
 1.04719755 1.04719755 1.04719755 1.04719755 1.04719755 1.04719755
 1.04719755 1.04719755 1.04719755 1.04719755 1.04719755 1.04719755
 1.04719755 1.04719755 1.04719755 1.04719755 1.04719755 1.04719755
 1.04719755 1.04719755 1.04719755 1.04719755 1.04719755 1.04719755
 1.04719755 1.04719755 1.04719755 1.04719755 1.04719755 1.04719755
 1.04719755 1.04719755 1.04719755 1.04719755 1.04719755 1.04719755
 1.04719755 1.04719755 1.04719755 1.04719755 1.04719755 1.04719755
 1.04719755 1.04719755 1.04719755 1.04719755 1.04719755 1.04719755
 1.04719755 1.04719755]
2025-08-02 02:37:46,723 INFO nft: Using parameters: max_epoch 1
2025-08-02 02:37:46,723 INFO nft: Using parameters: random_update True
2025-08-02 02:37:46,723 INFO nft: Using parameters: epoch_start 0
2025-08-02 02:37:46,724 INFO nft: Using parameters: idx_set_start None
2025-08-02 02:37:46,724 INFO nft: Using parameters: step_start 0
2025-08-02 02:37:46,891 INFO optimization_monitor: optimizer internal status: () {'idx_set': array([ 6, 18, 31, 56, 15, 55, 52, 19,  0, 34, 14, 44, 35, 48, 32, 12, 22,
       45, 26, 58, 53, 23, 59, 61,  4, 37, 28, 60,  5, 10,  2, 40, 51, 33,
        7, 24, 21, 16, 29, 50, 46, 43, 11, 39, 36,  8,  1, 38, 20, 42, 41,
       47, 27, 57, 49,  9, 25, 17, 13, 30, 54,  3]), 'epoch': 0, 'iter_in_epoch': 0, 'update': None, 'new_core_eval': True}
2025-08-02 02:37:47,410 INFO optimization_monitor: optimizer internal status: () {'idx_set': array([ 6, 18, 31, 56, 15, 55, 52, 19,  0, 34, 14, 44, 35, 48, 32, 12, 22,
       45, 26, 58, 53, 23, 59, 61,  4, 37, 28, 60,  5, 10,  2, 40, 51, 33,
        7, 24, 21, 16, 29, 50, 46, 43, 11, 39, 36,  8,  1, 38, 20, 42, 41,
       47, 27, 57, 49,  9, 25, 17, 13, 30, 54,  3]), 'epoch': 0, 'iter_in_epoch': 1, 'update': np.float64(1.356916796972907), 'new_core_eval': np.True_}
2025-08-02 02:37:48,000 INFO optimization_monitor: optimizer internal status: () {'idx_set': array([ 6, 18, 31, 56, 15, 55, 52, 19,  0, 34, 14, 44, 35, 48, 32, 12, 22,
       45, 26, 58, 53, 23, 59, 61,  4, 37, 28, 60,  5, 10,  2, 40, 51, 33,
        7, 24, 21, 16, 29, 50, 46, 43, 11, 39, 36,  8,  1, 38, 20, 42, 41,
       47, 27, 57, 49,  9, 25, 17, 13, 30, 54,  3]), 'epoch': 0, 'iter_in_epoch': 2, 'update': np.float64(1.1857105535578298), 'new_core_eval': np.True_}
2025-08-02 02:37:48,572 INFO optimization_monitor: optimizer internal status: () {'idx_set': array([ 6, 18, 31, 56, 15, 55, 52, 19,  0, 34, 14, 44, 35, 48, 32, 12, 22,
       45, 26, 58, 53, 23, 59, 61,  4, 37, 28, 60,  5, 10,  2, 40, 51, 33,
        7, 24, 21, 16, 29, 50, 46, 43, 11, 39, 36,  8,  1, 38, 20, 42, 41,
       47, 27, 57, 49,  9, 25, 17, 13, 30, 54,  3]), 'epoch': 0, 'iter_in_epoch': 3, 'update': np.float64(1.184227232268001), 'new_core_eval': np.True_}
2025-08-02 02:37:49,155 INFO optimization_monitor: optimizer internal status: () {'idx_set': array([ 6, 18, 31, 56, 15, 55, 52, 19,  0, 34, 14, 44, 35, 48, 32, 12, 22,
       45, 26, 58, 53, 23, 59, 61,  4, 37, 28, 60,  5, 10,  2, 40, 51, 33,
        7, 24, 21, 16, 29, 50, 46, 43, 11, 39, 36,  8,  1, 38, 20, 42, 41,
       47, 27, 57, 49,  9, 25, 17, 13, 30, 54,  3]), 'epoch': 0, 'iter_in_epoch': 4, 'update': np.float64(1.4962316294546014), 'new_core_eval': np.True_}
2025-08-02 02:37:49,743 INFO optimization_monitor: optimizer internal status: () {'idx_set': array([ 6, 18, 31, 56, 15, 55, 52, 19,  0, 34, 14, 44, 35, 48, 32, 12, 22,
       45, 26, 58, 53, 23, 59, 61,  4, 37, 28, 60,  5, 10,  2, 40, 51, 33,
        7, 24, 21, 16, 29, 50, 46, 43, 11, 39, 36,  8,  1, 38, 20, 42, 41,
       47, 27, 57, 49,  9, 25, 17, 13, 30, 54,  3]), 'epoch': 0, 'iter_in_epoch': 5, 'update': np.float64(-0.8676664758246418), 'new_core_eval': np.True_}
2025-08-02 02:37:50,334 INFO optimization_monitor: optimizer internal status: () {'idx_set': array([ 6, 18, 31, 56, 15, 55, 52, 19,  0, 34, 14, 44, 35, 48, 32, 12, 22,
       45, 26, 58, 53, 23, 59, 61,  4, 37, 28, 60,  5, 10,  2, 40, 51, 33,
        7, 24, 21, 16, 29, 50, 46, 43, 11, 39, 36,  8,  1, 38, 20, 42, 41,
       47, 27, 57, 49,  9, 25, 17, 13, 30, 54,  3]), 'epoch': 0, 'iter_in_epoch': 6, 'update': np.float64(-0.6469419570076244), 'new_core_eval': np.True_}
2025-08-02 02:37:50,922 INFO optimization_monitor: optimizer internal status: () {'idx_set': array([ 6, 18, 31, 56, 15, 55, 52, 19,  0, 34, 14, 44, 35, 48, 32, 12, 22,
       45, 26, 58, 53, 23, 59, 61,  4, 37, 28, 60,  5, 10,  2, 40, 51, 33,
        7, 24, 21, 16, 29, 50, 46, 43, 11, 39, 36,  8,  1, 38, 20, 42, 41,
       47, 27, 57, 49,  9, 25, 17, 13, 30, 54,  3]), 'epoch': 0, 'iter_in_epoch': 7, 'update': np.float64(1.7724011867158767), 'new_core_eval': np.True_}
2025-08-02 02:37:51,499 INFO optimization_monitor: optimizer internal status: () {'idx_set': array([ 6, 18, 31, 56, 15, 55, 52, 19,  0, 34, 14, 44, 35, 48, 32, 12, 22,
       45, 26, 58, 53, 23, 59, 61,  4, 37, 28, 60,  5, 10,  2, 40, 51, 33,
        7, 24, 21, 16, 29, 50, 46, 43, 11, 39, 36,  8,  1, 38, 20, 42, 41,
       47, 27, 57, 49,  9, 25, 17, 13, 30, 54,  3]), 'epoch': 0, 'iter_in_epoch': 8, 'update': np.float64(-1.2373114416237105), 'new_core_eval': np.True_}
2025-08-02 02:37:52,087 INFO optimization_monitor: optimizer internal status: () {'idx_set': array([ 6, 18, 31, 56, 15, 55, 52, 19,  0, 34, 14, 44, 35, 48, 32, 12, 22,
       45, 26, 58, 53, 23, 59, 61,  4, 37, 28, 60,  5, 10,  2, 40, 51, 33,
        7, 24, 21, 16, 29, 50, 46, 43, 11, 39, 36,  8,  1, 38, 20, 42, 41,
       47, 27, 57, 49,  9, 25, 17, 13, 30, 54,  3]), 'epoch': 0, 'iter_in_epoch': 9, 'update': np.float64(-0.6986685347540749), 'new_core_eval': np.True_}
2025-08-02 02:37:52,670 INFO optimization_monitor: optimizer internal status: () {'idx_set': array([ 6, 18, 31, 56, 15, 55, 52, 19,  0, 34, 14, 44, 35, 48, 32, 12, 22,
       45, 26, 58, 53, 23, 59, 61,  4, 37, 28, 60,  5, 10,  2, 40, 51, 33,
        7, 24, 21, 16, 29, 50, 46, 43, 11, 39, 36,  8,  1, 38, 20, 42, 41,
       47, 27, 57, 49,  9, 25, 17, 13, 30, 54,  3]), 'epoch': 0, 'iter_in_epoch': 10, 'update': np.float64(1.0120355559700756), 'new_core_eval': np.True_}
2025-08-02 02:37:53,266 INFO optimization_monitor: optimizer internal status: () {'idx_set': array([ 6, 18, 31, 56, 15, 55, 52, 19,  0, 34, 14, 44, 35, 48, 32, 12, 22,
       45, 26, 58, 53, 23, 59, 61,  4, 37, 28, 60,  5, 10,  2, 40, 51, 33,
        7, 24, 21, 16, 29, 50, 46, 43, 11, 39, 36,  8,  1, 38, 20, 42, 41,
       47, 27, 57, 49,  9, 25, 17, 13, 30, 54,  3]), 'epoch': 0, 'iter_in_epoch': 11, 'update': np.float64(0.6561208620790178), 'new_core_eval': np.True_}
2025-08-02 02:37:53,847 INFO optimization_monitor: optimizer internal status: () {'idx_set': array([ 6, 18, 31, 56, 15, 55, 52, 19,  0, 34, 14, 44, 35, 48, 32, 12, 22,
       45, 26, 58, 53, 23, 59, 61,  4, 37, 28, 60,  5, 10,  2, 40, 51, 33,
        7, 24, 21, 16, 29, 50, 46, 43, 11, 39, 36,  8,  1, 38, 20, 42, 41,
       47, 27, 57, 49,  9, 25, 17, 13, 30, 54,  3]), 'epoch': 0, 'iter_in_epoch': 12, 'update': np.float64(2.045512015901914), 'new_core_eval': np.True_}
2025-08-02 02:37:54,436 INFO optimization_monitor: optimizer internal status: () {'idx_set': array([ 6, 18, 31, 56, 15, 55, 52, 19,  0, 34, 14, 44, 35, 48, 32, 12, 22,
       45, 26, 58, 53, 23, 59, 61,  4, 37, 28, 60,  5, 10,  2, 40, 51, 33,
        7, 24, 21, 16, 29, 50, 46, 43, 11, 39, 36,  8,  1, 38, 20, 42, 41,
       47, 27, 57, 49,  9, 25, 17, 13, 30, 54,  3]), 'epoch': 0, 'iter_in_epoch': 13, 'update': np.float64(4.708205991533871), 'new_core_eval': np.True_}
2025-08-02 02:37:55,026 INFO optimization_monitor: optimizer internal status: () {'idx_set': array([ 6, 18, 31, 56, 15, 55, 52, 19,  0, 34, 14, 44, 35, 48, 32, 12, 22,
       45, 26, 58, 53, 23, 59, 61,  4, 37, 28, 60,  5, 10,  2, 40, 51, 33,
        7, 24, 21, 16, 29, 50, 46, 43, 11, 39, 36,  8,  1, 38, 20, 42, 41,
       47, 27, 57, 49,  9, 25, 17, 13, 30, 54,  3]), 'epoch': 0, 'iter_in_epoch': 14, 'update': np.float64(2.4044385614046924), 'new_core_eval': np.True_}
2025-08-02 02:37:55,623 INFO optimization_monitor: optimizer internal status: () {'idx_set': array([ 6, 18, 31, 56, 15, 55, 52, 19,  0, 34, 14, 44, 35, 48, 32, 12, 22,
       45, 26, 58, 53, 23, 59, 61,  4, 37, 28, 60,  5, 10,  2, 40, 51, 33,
        7, 24, 21, 16, 29, 50, 46, 43, 11, 39, 36,  8,  1, 38, 20, 42, 41,
       47, 27, 57, 49,  9, 25, 17, 13, 30, 54,  3]), 'epoch': 0, 'iter_in_epoch': 15, 'update': np.float64(1.5814577025924013), 'new_core_eval': np.True_}
2025-08-02 02:37:56,204 INFO optimization_monitor: optimizer internal status: () {'idx_set': array([ 6, 18, 31, 56, 15, 55, 52, 19,  0, 34, 14, 44, 35, 48, 32, 12, 22,
       45, 26, 58, 53, 23, 59, 61,  4, 37, 28, 60,  5, 10,  2, 40, 51, 33,
        7, 24, 21, 16, 29, 50, 46, 43, 11, 39, 36,  8,  1, 38, 20, 42, 41,
       47, 27, 57, 49,  9, 25, 17, 13, 30, 54,  3]), 'epoch': 0, 'iter_in_epoch': 16, 'update': np.float64(1.1433371403182224), 'new_core_eval': np.True_}
2025-08-02 02:37:56,808 INFO optimization_monitor: optimizer internal status: () {'idx_set': array([ 6, 18, 31, 56, 15, 55, 52, 19,  0, 34, 14, 44, 35, 48, 32, 12, 22,
       45, 26, 58, 53, 23, 59, 61,  4, 37, 28, 60,  5, 10,  2, 40, 51, 33,
        7, 24, 21, 16, 29, 50, 46, 43, 11, 39, 36,  8,  1, 38, 20, 42, 41,
       47, 27, 57, 49,  9, 25, 17, 13, 30, 54,  3]), 'epoch': 0, 'iter_in_epoch': 17, 'update': np.float64(1.7543664301453281), 'new_core_eval': np.True_}
2025-08-02 02:37:57,406 INFO optimization_monitor: optimizer internal status: () {'idx_set': array([ 6, 18, 31, 56, 15, 55, 52, 19,  0, 34, 14, 44, 35, 48, 32, 12, 22,
       45, 26, 58, 53, 23, 59, 61,  4, 37, 28, 60,  5, 10,  2, 40, 51, 33,
        7, 24, 21, 16, 29, 50, 46, 43, 11, 39, 36,  8,  1, 38, 20, 42, 41,
       47, 27, 57, 49,  9, 25, 17, 13, 30, 54,  3]), 'epoch': 0, 'iter_in_epoch': 18, 'update': np.float64(0.541699411504754), 'new_core_eval': np.True_}
2025-08-02 02:37:58,010 INFO optimization_monitor: optimizer internal status: () {'idx_set': array([ 6, 18, 31, 56, 15, 55, 52, 19,  0, 34, 14, 44, 35, 48, 32, 12, 22,
       45, 26, 58, 53, 23, 59, 61,  4, 37, 28, 60,  5, 10,  2, 40, 51, 33,
        7, 24, 21, 16, 29, 50, 46, 43, 11, 39, 36,  8,  1, 38, 20, 42, 41,
       47, 27, 57, 49,  9, 25, 17, 13, 30, 54,  3]), 'epoch': 0, 'iter_in_epoch': 19, 'update': np.float64(-0.8488383681488895), 'new_core_eval': np.True_}
2025-08-02 02:37:58,608 INFO optimization_monitor: optimizer internal status: () {'idx_set': array([ 6, 18, 31, 56, 15, 55, 52, 19,  0, 34, 14, 44, 35, 48, 32, 12, 22,
       45, 26, 58, 53, 23, 59, 61,  4, 37, 28, 60,  5, 10,  2, 40, 51, 33,
        7, 24, 21, 16, 29, 50, 46, 43, 11, 39, 36,  8,  1, 38, 20, 42, 41,
       47, 27, 57, 49,  9, 25, 17, 13, 30, 54,  3]), 'epoch': 0, 'iter_in_epoch': 20, 'update': np.float64(1.258641169421839), 'new_core_eval': np.True_}
2025-08-02 02:37:59,235 INFO optimization_monitor: optimizer internal status: () {'idx_set': array([ 6, 18, 31, 56, 15, 55, 52, 19,  0, 34, 14, 44, 35, 48, 32, 12, 22,
       45, 26, 58, 53, 23, 59, 61,  4, 37, 28, 60,  5, 10,  2, 40, 51, 33,
        7, 24, 21, 16, 29, 50, 46, 43, 11, 39, 36,  8,  1, 38, 20, 42, 41,
       47, 27, 57, 49,  9, 25, 17, 13, 30, 54,  3]), 'epoch': 0, 'iter_in_epoch': 21, 'update': np.float64(-0.7018382705128313), 'new_core_eval': np.True_}
2025-08-02 02:37:59,847 INFO optimization_monitor: optimizer internal status: () {'idx_set': array([ 6, 18, 31, 56, 15, 55, 52, 19,  0, 34, 14, 44, 35, 48, 32, 12, 22,
       45, 26, 58, 53, 23, 59, 61,  4, 37, 28, 60,  5, 10,  2, 40, 51, 33,
        7, 24, 21, 16, 29, 50, 46, 43, 11, 39, 36,  8,  1, 38, 20, 42, 41,
       47, 27, 57, 49,  9, 25, 17, 13, 30, 54,  3]), 'epoch': 0, 'iter_in_epoch': 22, 'update': np.float64(-0.47728520625484006), 'new_core_eval': np.True_}
2025-08-02 02:38:00,466 INFO optimization_monitor: optimizer internal status: () {'idx_set': array([ 6, 18, 31, 56, 15, 55, 52, 19,  0, 34, 14, 44, 35, 48, 32, 12, 22,
       45, 26, 58, 53, 23, 59, 61,  4, 37, 28, 60,  5, 10,  2, 40, 51, 33,
        7, 24, 21, 16, 29, 50, 46, 43, 11, 39, 36,  8,  1, 38, 20, 42, 41,
       47, 27, 57, 49,  9, 25, 17, 13, 30, 54,  3]), 'epoch': 0, 'iter_in_epoch': 23, 'update': np.float64(1.2033032331644609), 'new_core_eval': np.True_}
2025-08-02 02:38:01,095 INFO optimization_monitor: optimizer internal status: () {'idx_set': array([ 6, 18, 31, 56, 15, 55, 52, 19,  0, 34, 14, 44, 35, 48, 32, 12, 22,
       45, 26, 58, 53, 23, 59, 61,  4, 37, 28, 60,  5, 10,  2, 40, 51, 33,
        7, 24, 21, 16, 29, 50, 46, 43, 11, 39, 36,  8,  1, 38, 20, 42, 41,
       47, 27, 57, 49,  9, 25, 17, 13, 30, 54,  3]), 'epoch': 0, 'iter_in_epoch': 24, 'update': np.float64(0.5714042411173932), 'new_core_eval': np.True_}
2025-08-02 02:38:01,704 INFO optimization_monitor: optimizer internal status: () {'idx_set': array([ 6, 18, 31, 56, 15, 55, 52, 19,  0, 34, 14, 44, 35, 48, 32, 12, 22,
       45, 26, 58, 53, 23, 59, 61,  4, 37, 28, 60,  5, 10,  2, 40, 51, 33,
        7, 24, 21, 16, 29, 50, 46, 43, 11, 39, 36,  8,  1, 38, 20, 42, 41,
       47, 27, 57, 49,  9, 25, 17, 13, 30, 54,  3]), 'epoch': 0, 'iter_in_epoch': 25, 'update': np.float64(-0.8117172724963759), 'new_core_eval': np.True_}
2025-08-02 02:38:02,319 INFO optimization_monitor: optimizer internal status: () {'idx_set': array([ 6, 18, 31, 56, 15, 55, 52, 19,  0, 34, 14, 44, 35, 48, 32, 12, 22,
       45, 26, 58, 53, 23, 59, 61,  4, 37, 28, 60,  5, 10,  2, 40, 51, 33,
        7, 24, 21, 16, 29, 50, 46, 43, 11, 39, 36,  8,  1, 38, 20, 42, 41,
       47, 27, 57, 49,  9, 25, 17, 13, 30, 54,  3]), 'epoch': 0, 'iter_in_epoch': 26, 'update': np.float64(-0.7989987873822889), 'new_core_eval': np.True_}
2025-08-02 02:38:02,934 INFO optimization_monitor: optimizer internal status: () {'idx_set': array([ 6, 18, 31, 56, 15, 55, 52, 19,  0, 34, 14, 44, 35, 48, 32, 12, 22,
       45, 26, 58, 53, 23, 59, 61,  4, 37, 28, 60,  5, 10,  2, 40, 51, 33,
        7, 24, 21, 16, 29, 50, 46, 43, 11, 39, 36,  8,  1, 38, 20, 42, 41,
       47, 27, 57, 49,  9, 25, 17, 13, 30, 54,  3]), 'epoch': 0, 'iter_in_epoch': 27, 'update': np.float64(-0.7734249845082335), 'new_core_eval': np.True_}
2025-08-02 02:38:03,536 INFO optimization_monitor: optimizer internal status: () {'idx_set': array([ 6, 18, 31, 56, 15, 55, 52, 19,  0, 34, 14, 44, 35, 48, 32, 12, 22,
       45, 26, 58, 53, 23, 59, 61,  4, 37, 28, 60,  5, 10,  2, 40, 51, 33,
        7, 24, 21, 16, 29, 50, 46, 43, 11, 39, 36,  8,  1, 38, 20, 42, 41,
       47, 27, 57, 49,  9, 25, 17, 13, 30, 54,  3]), 'epoch': 0, 'iter_in_epoch': 28, 'update': np.float64(-0.38494321001650045), 'new_core_eval': np.True_}
2025-08-02 02:38:04,162 INFO optimization_monitor: optimizer internal status: () {'idx_set': array([ 6, 18, 31, 56, 15, 55, 52, 19,  0, 34, 14, 44, 35, 48, 32, 12, 22,
       45, 26, 58, 53, 23, 59, 61,  4, 37, 28, 60,  5, 10,  2, 40, 51, 33,
        7, 24, 21, 16, 29, 50, 46, 43, 11, 39, 36,  8,  1, 38, 20, 42, 41,
       47, 27, 57, 49,  9, 25, 17, 13, 30, 54,  3]), 'epoch': 0, 'iter_in_epoch': 29, 'update': np.float64(-0.833422308274772), 'new_core_eval': np.True_}
2025-08-02 02:38:04,776 INFO optimization_monitor: optimizer internal status: () {'idx_set': array([ 6, 18, 31, 56, 15, 55, 52, 19,  0, 34, 14, 44, 35, 48, 32, 12, 22,
       45, 26, 58, 53, 23, 59, 61,  4, 37, 28, 60,  5, 10,  2, 40, 51, 33,
        7, 24, 21, 16, 29, 50, 46, 43, 11, 39, 36,  8,  1, 38, 20, 42, 41,
       47, 27, 57, 49,  9, 25, 17, 13, 30, 54,  3]), 'epoch': 0, 'iter_in_epoch': 30, 'update': np.float64(0.879771541557089), 'new_core_eval': np.True_}
2025-08-02 02:38:05,396 INFO optimization_monitor: optimizer internal status: () {'idx_set': array([ 6, 18, 31, 56, 15, 55, 52, 19,  0, 34, 14, 44, 35, 48, 32, 12, 22,
       45, 26, 58, 53, 23, 59, 61,  4, 37, 28, 60,  5, 10,  2, 40, 51, 33,
        7, 24, 21, 16, 29, 50, 46, 43, 11, 39, 36,  8,  1, 38, 20, 42, 41,
       47, 27, 57, 49,  9, 25, 17, 13, 30, 54,  3]), 'epoch': 0, 'iter_in_epoch': 31, 'update': np.float64(-0.318992742667941), 'new_core_eval': np.True_}
2025-08-02 02:38:06,009 INFO optimization_monitor: optimizer internal status: () {'idx_set': array([ 6, 18, 31, 56, 15, 55, 52, 19,  0, 34, 14, 44, 35, 48, 32, 12, 22,
       45, 26, 58, 53, 23, 59, 61,  4, 37, 28, 60,  5, 10,  2, 40, 51, 33,
        7, 24, 21, 16, 29, 50, 46, 43, 11, 39, 36,  8,  1, 38, 20, 42, 41,
       47, 27, 57, 49,  9, 25, 17, 13, 30, 54,  3]), 'epoch': 0, 'iter_in_epoch': 32, 'update': np.float64(2.3504092755403168), 'new_core_eval': np.True_}
2025-08-02 02:38:06,623 INFO optimization_monitor: optimizer internal status: () {'idx_set': array([ 6, 18, 31, 56, 15, 55, 52, 19,  0, 34, 14, 44, 35, 48, 32, 12, 22,
       45, 26, 58, 53, 23, 59, 61,  4, 37, 28, 60,  5, 10,  2, 40, 51, 33,
        7, 24, 21, 16, 29, 50, 46, 43, 11, 39, 36,  8,  1, 38, 20, 42, 41,
       47, 27, 57, 49,  9, 25, 17, 13, 30, 54,  3]), 'epoch': 0, 'iter_in_epoch': 33, 'update': np.float64(1.1537341779663188), 'new_core_eval': np.True_}
2025-08-02 02:38:07,239 INFO optimization_monitor: optimizer internal status: () {'idx_set': array([ 6, 18, 31, 56, 15, 55, 52, 19,  0, 34, 14, 44, 35, 48, 32, 12, 22,
       45, 26, 58, 53, 23, 59, 61,  4, 37, 28, 60,  5, 10,  2, 40, 51, 33,
        7, 24, 21, 16, 29, 50, 46, 43, 11, 39, 36,  8,  1, 38, 20, 42, 41,
       47, 27, 57, 49,  9, 25, 17, 13, 30, 54,  3]), 'epoch': 0, 'iter_in_epoch': 34, 'update': np.float64(0.8621851796760276), 'new_core_eval': np.True_}
2025-08-02 02:38:07,858 INFO optimization_monitor: optimizer internal status: () {'idx_set': array([ 6, 18, 31, 56, 15, 55, 52, 19,  0, 34, 14, 44, 35, 48, 32, 12, 22,
       45, 26, 58, 53, 23, 59, 61,  4, 37, 28, 60,  5, 10,  2, 40, 51, 33,
        7, 24, 21, 16, 29, 50, 46, 43, 11, 39, 36,  8,  1, 38, 20, 42, 41,
       47, 27, 57, 49,  9, 25, 17, 13, 30, 54,  3]), 'epoch': 0, 'iter_in_epoch': 35, 'update': np.float64(2.848516220494793), 'new_core_eval': np.True_}
2025-08-02 02:38:08,466 INFO optimization_monitor: optimizer internal status: () {'idx_set': array([ 6, 18, 31, 56, 15, 55, 52, 19,  0, 34, 14, 44, 35, 48, 32, 12, 22,
       45, 26, 58, 53, 23, 59, 61,  4, 37, 28, 60,  5, 10,  2, 40, 51, 33,
        7, 24, 21, 16, 29, 50, 46, 43, 11, 39, 36,  8,  1, 38, 20, 42, 41,
       47, 27, 57, 49,  9, 25, 17, 13, 30, 54,  3]), 'epoch': 0, 'iter_in_epoch': 36, 'update': np.float64(-0.7889864094244106), 'new_core_eval': np.True_}
2025-08-02 02:38:09,062 INFO optimization_monitor: optimizer internal status: () {'idx_set': array([ 6, 18, 31, 56, 15, 55, 52, 19,  0, 34, 14, 44, 35, 48, 32, 12, 22,
       45, 26, 58, 53, 23, 59, 61,  4, 37, 28, 60,  5, 10,  2, 40, 51, 33,
        7, 24, 21, 16, 29, 50, 46, 43, 11, 39, 36,  8,  1, 38, 20, 42, 41,
       47, 27, 57, 49,  9, 25, 17, 13, 30, 54,  3]), 'epoch': 0, 'iter_in_epoch': 37, 'update': np.float64(-1.2963361369645452), 'new_core_eval': np.True_}
2025-08-02 02:38:09,668 INFO optimization_monitor: optimizer internal status: () {'idx_set': array([ 6, 18, 31, 56, 15, 55, 52, 19,  0, 34, 14, 44, 35, 48, 32, 12, 22,
       45, 26, 58, 53, 23, 59, 61,  4, 37, 28, 60,  5, 10,  2, 40, 51, 33,
        7, 24, 21, 16, 29, 50, 46, 43, 11, 39, 36,  8,  1, 38, 20, 42, 41,
       47, 27, 57, 49,  9, 25, 17, 13, 30, 54,  3]), 'epoch': 0, 'iter_in_epoch': 38, 'update': np.float64(4.161940795565657), 'new_core_eval': np.True_}
2025-08-02 02:38:10,267 INFO optimization_monitor: optimizer internal status: () {'idx_set': array([ 6, 18, 31, 56, 15, 55, 52, 19,  0, 34, 14, 44, 35, 48, 32, 12, 22,
       45, 26, 58, 53, 23, 59, 61,  4, 37, 28, 60,  5, 10,  2, 40, 51, 33,
        7, 24, 21, 16, 29, 50, 46, 43, 11, 39, 36,  8,  1, 38, 20, 42, 41,
       47, 27, 57, 49,  9, 25, 17, 13, 30, 54,  3]), 'epoch': 0, 'iter_in_epoch': 39, 'update': np.float64(-0.8896017563777201), 'new_core_eval': np.True_}
2025-08-02 02:38:10,861 INFO optimization_monitor: optimizer internal status: () {'idx_set': array([ 6, 18, 31, 56, 15, 55, 52, 19,  0, 34, 14, 44, 35, 48, 32, 12, 22,
       45, 26, 58, 53, 23, 59, 61,  4, 37, 28, 60,  5, 10,  2, 40, 51, 33,
        7, 24, 21, 16, 29, 50, 46, 43, 11, 39, 36,  8,  1, 38, 20, 42, 41,
       47, 27, 57, 49,  9, 25, 17, 13, 30, 54,  3]), 'epoch': 0, 'iter_in_epoch': 40, 'update': np.float64(1.2930144182976544), 'new_core_eval': np.True_}
2025-08-02 02:38:11,431 INFO optimization_monitor: optimizer internal status: () {'idx_set': array([ 6, 18, 31, 56, 15, 55, 52, 19,  0, 34, 14, 44, 35, 48, 32, 12, 22,
       45, 26, 58, 53, 23, 59, 61,  4, 37, 28, 60,  5, 10,  2, 40, 51, 33,
        7, 24, 21, 16, 29, 50, 46, 43, 11, 39, 36,  8,  1, 38, 20, 42, 41,
       47, 27, 57, 49,  9, 25, 17, 13, 30, 54,  3]), 'epoch': 0, 'iter_in_epoch': 41, 'update': np.float64(-0.9291557529520745), 'new_core_eval': np.True_}
2025-08-02 02:38:12,008 INFO optimization_monitor: optimizer internal status: () {'idx_set': array([ 6, 18, 31, 56, 15, 55, 52, 19,  0, 34, 14, 44, 35, 48, 32, 12, 22,
       45, 26, 58, 53, 23, 59, 61,  4, 37, 28, 60,  5, 10,  2, 40, 51, 33,
        7, 24, 21, 16, 29, 50, 46, 43, 11, 39, 36,  8,  1, 38, 20, 42, 41,
       47, 27, 57, 49,  9, 25, 17, 13, 30, 54,  3]), 'epoch': 0, 'iter_in_epoch': 42, 'update': np.float64(3.403574902739856), 'new_core_eval': np.True_}
2025-08-02 02:38:12,585 INFO optimization_monitor: optimizer internal status: () {'idx_set': array([ 6, 18, 31, 56, 15, 55, 52, 19,  0, 34, 14, 44, 35, 48, 32, 12, 22,
       45, 26, 58, 53, 23, 59, 61,  4, 37, 28, 60,  5, 10,  2, 40, 51, 33,
        7, 24, 21, 16, 29, 50, 46, 43, 11, 39, 36,  8,  1, 38, 20, 42, 41,
       47, 27, 57, 49,  9, 25, 17, 13, 30, 54,  3]), 'epoch': 0, 'iter_in_epoch': 43, 'update': np.float64(1.1331097385640618), 'new_core_eval': np.True_}
2025-08-02 02:38:13,153 INFO optimization_monitor: optimizer internal status: () {'idx_set': array([ 6, 18, 31, 56, 15, 55, 52, 19,  0, 34, 14, 44, 35, 48, 32, 12, 22,
       45, 26, 58, 53, 23, 59, 61,  4, 37, 28, 60,  5, 10,  2, 40, 51, 33,
        7, 24, 21, 16, 29, 50, 46, 43, 11, 39, 36,  8,  1, 38, 20, 42, 41,
       47, 27, 57, 49,  9, 25, 17, 13, 30, 54,  3]), 'epoch': 0, 'iter_in_epoch': 44, 'update': np.float64(2.8247829732516907), 'new_core_eval': np.True_}
2025-08-02 02:38:13,766 INFO optimization_monitor: optimizer internal status: () {'idx_set': array([ 6, 18, 31, 56, 15, 55, 52, 19,  0, 34, 14, 44, 35, 48, 32, 12, 22,
       45, 26, 58, 53, 23, 59, 61,  4, 37, 28, 60,  5, 10,  2, 40, 51, 33,
        7, 24, 21, 16, 29, 50, 46, 43, 11, 39, 36,  8,  1, 38, 20, 42, 41,
       47, 27, 57, 49,  9, 25, 17, 13, 30, 54,  3]), 'epoch': 0, 'iter_in_epoch': 45, 'update': np.float64(-0.7971139618835577), 'new_core_eval': np.True_}
2025-08-02 02:38:14,333 INFO optimization_monitor: optimizer internal status: () {'idx_set': array([ 6, 18, 31, 56, 15, 55, 52, 19,  0, 34, 14, 44, 35, 48, 32, 12, 22,
       45, 26, 58, 53, 23, 59, 61,  4, 37, 28, 60,  5, 10,  2, 40, 51, 33,
        7, 24, 21, 16, 29, 50, 46, 43, 11, 39, 36,  8,  1, 38, 20, 42, 41,
       47, 27, 57, 49,  9, 25, 17, 13, 30, 54,  3]), 'epoch': 0, 'iter_in_epoch': 46, 'update': np.float64(-0.6308796865060798), 'new_core_eval': np.True_}
2025-08-02 02:38:14,900 INFO optimization_monitor: optimizer internal status: () {'idx_set': array([ 6, 18, 31, 56, 15, 55, 52, 19,  0, 34, 14, 44, 35, 48, 32, 12, 22,
       45, 26, 58, 53, 23, 59, 61,  4, 37, 28, 60,  5, 10,  2, 40, 51, 33,
        7, 24, 21, 16, 29, 50, 46, 43, 11, 39, 36,  8,  1, 38, 20, 42, 41,
       47, 27, 57, 49,  9, 25, 17, 13, 30, 54,  3]), 'epoch': 0, 'iter_in_epoch': 47, 'update': np.float64(-0.9278483154580887), 'new_core_eval': np.True_}
2025-08-02 02:38:15,454 INFO optimization_monitor: optimizer internal status: () {'idx_set': array([ 6, 18, 31, 56, 15, 55, 52, 19,  0, 34, 14, 44, 35, 48, 32, 12, 22,
       45, 26, 58, 53, 23, 59, 61,  4, 37, 28, 60,  5, 10,  2, 40, 51, 33,
        7, 24, 21, 16, 29, 50, 46, 43, 11, 39, 36,  8,  1, 38, 20, 42, 41,
       47, 27, 57, 49,  9, 25, 17, 13, 30, 54,  3]), 'epoch': 0, 'iter_in_epoch': 48, 'update': np.float64(3.195824948656523), 'new_core_eval': np.True_}
2025-08-02 02:38:16,020 INFO optimization_monitor: optimizer internal status: () {'idx_set': array([ 6, 18, 31, 56, 15, 55, 52, 19,  0, 34, 14, 44, 35, 48, 32, 12, 22,
       45, 26, 58, 53, 23, 59, 61,  4, 37, 28, 60,  5, 10,  2, 40, 51, 33,
        7, 24, 21, 16, 29, 50, 46, 43, 11, 39, 36,  8,  1, 38, 20, 42, 41,
       47, 27, 57, 49,  9, 25, 17, 13, 30, 54,  3]), 'epoch': 0, 'iter_in_epoch': 49, 'update': np.float64(-0.3275165079548922), 'new_core_eval': np.True_}
2025-08-02 02:38:16,583 INFO optimization_monitor: optimizer internal status: () {'idx_set': array([ 6, 18, 31, 56, 15, 55, 52, 19,  0, 34, 14, 44, 35, 48, 32, 12, 22,
       45, 26, 58, 53, 23, 59, 61,  4, 37, 28, 60,  5, 10,  2, 40, 51, 33,
        7, 24, 21, 16, 29, 50, 46, 43, 11, 39, 36,  8,  1, 38, 20, 42, 41,
       47, 27, 57, 49,  9, 25, 17, 13, 30, 54,  3]), 'epoch': 0, 'iter_in_epoch': 50, 'update': np.float64(-0.7769179363408074), 'new_core_eval': np.True_}
2025-08-02 02:38:17,139 INFO optimization_monitor: optimizer internal status: () {'idx_set': array([ 6, 18, 31, 56, 15, 55, 52, 19,  0, 34, 14, 44, 35, 48, 32, 12, 22,
       45, 26, 58, 53, 23, 59, 61,  4, 37, 28, 60,  5, 10,  2, 40, 51, 33,
        7, 24, 21, 16, 29, 50, 46, 43, 11, 39, 36,  8,  1, 38, 20, 42, 41,
       47, 27, 57, 49,  9, 25, 17, 13, 30, 54,  3]), 'epoch': 0, 'iter_in_epoch': 51, 'update': np.float64(0.34743106028370474), 'new_core_eval': np.True_}
2025-08-02 02:38:17,700 INFO optimization_monitor: optimizer internal status: () {'idx_set': array([ 6, 18, 31, 56, 15, 55, 52, 19,  0, 34, 14, 44, 35, 48, 32, 12, 22,
       45, 26, 58, 53, 23, 59, 61,  4, 37, 28, 60,  5, 10,  2, 40, 51, 33,
        7, 24, 21, 16, 29, 50, 46, 43, 11, 39, 36,  8,  1, 38, 20, 42, 41,
       47, 27, 57, 49,  9, 25, 17, 13, 30, 54,  3]), 'epoch': 0, 'iter_in_epoch': 52, 'update': np.float64(0.04813910614908923), 'new_core_eval': np.True_}
2025-08-02 02:38:18,256 INFO optimization_monitor: optimizer internal status: () {'idx_set': array([ 6, 18, 31, 56, 15, 55, 52, 19,  0, 34, 14, 44, 35, 48, 32, 12, 22,
       45, 26, 58, 53, 23, 59, 61,  4, 37, 28, 60,  5, 10,  2, 40, 51, 33,
        7, 24, 21, 16, 29, 50, 46, 43, 11, 39, 36,  8,  1, 38, 20, 42, 41,
       47, 27, 57, 49,  9, 25, 17, 13, 30, 54,  3]), 'epoch': 0, 'iter_in_epoch': 53, 'update': np.float64(-0.6139782641214847), 'new_core_eval': np.True_}
2025-08-02 02:38:18,806 INFO optimization_monitor: optimizer internal status: () {'idx_set': array([ 6, 18, 31, 56, 15, 55, 52, 19,  0, 34, 14, 44, 35, 48, 32, 12, 22,
       45, 26, 58, 53, 23, 59, 61,  4, 37, 28, 60,  5, 10,  2, 40, 51, 33,
        7, 24, 21, 16, 29, 50, 46, 43, 11, 39, 36,  8,  1, 38, 20, 42, 41,
       47, 27, 57, 49,  9, 25, 17, 13, 30, 54,  3]), 'epoch': 0, 'iter_in_epoch': 54, 'update': np.float64(2.4332569723180866), 'new_core_eval': np.True_}
2025-08-02 02:38:19,368 INFO optimization_monitor: optimizer internal status: () {'idx_set': array([ 6, 18, 31, 56, 15, 55, 52, 19,  0, 34, 14, 44, 35, 48, 32, 12, 22,
       45, 26, 58, 53, 23, 59, 61,  4, 37, 28, 60,  5, 10,  2, 40, 51, 33,
        7, 24, 21, 16, 29, 50, 46, 43, 11, 39, 36,  8,  1, 38, 20, 42, 41,
       47, 27, 57, 49,  9, 25, 17, 13, 30, 54,  3]), 'epoch': 0, 'iter_in_epoch': 55, 'update': np.float64(-0.6343414830396359), 'new_core_eval': np.True_}
2025-08-02 02:38:19,912 INFO optimization_monitor: optimizer internal status: () {'idx_set': array([ 6, 18, 31, 56, 15, 55, 52, 19,  0, 34, 14, 44, 35, 48, 32, 12, 22,
       45, 26, 58, 53, 23, 59, 61,  4, 37, 28, 60,  5, 10,  2, 40, 51, 33,
        7, 24, 21, 16, 29, 50, 46, 43, 11, 39, 36,  8,  1, 38, 20, 42, 41,
       47, 27, 57, 49,  9, 25, 17, 13, 30, 54,  3]), 'epoch': 0, 'iter_in_epoch': 56, 'update': np.float64(-0.9076196491724877), 'new_core_eval': np.True_}
2025-08-02 02:38:20,441 INFO optimization_monitor: optimizer internal status: () {'idx_set': array([ 6, 18, 31, 56, 15, 55, 52, 19,  0, 34, 14, 44, 35, 48, 32, 12, 22,
       45, 26, 58, 53, 23, 59, 61,  4, 37, 28, 60,  5, 10,  2, 40, 51, 33,
        7, 24, 21, 16, 29, 50, 46, 43, 11, 39, 36,  8,  1, 38, 20, 42, 41,
       47, 27, 57, 49,  9, 25, 17, 13, 30, 54,  3]), 'epoch': 0, 'iter_in_epoch': 57, 'update': np.float64(2.696215000444923), 'new_core_eval': np.True_}
2025-08-02 02:38:20,973 INFO optimization_monitor: optimizer internal status: () {'idx_set': array([ 6, 18, 31, 56, 15, 55, 52, 19,  0, 34, 14, 44, 35, 48, 32, 12, 22,
       45, 26, 58, 53, 23, 59, 61,  4, 37, 28, 60,  5, 10,  2, 40, 51, 33,
        7, 24, 21, 16, 29, 50, 46, 43, 11, 39, 36,  8,  1, 38, 20, 42, 41,
       47, 27, 57, 49,  9, 25, 17, 13, 30, 54,  3]), 'epoch': 0, 'iter_in_epoch': 58, 'update': np.float64(-0.8243362638131478), 'new_core_eval': np.True_}
2025-08-02 02:38:21,499 INFO optimization_monitor: optimizer internal status: () {'idx_set': array([ 6, 18, 31, 56, 15, 55, 52, 19,  0, 34, 14, 44, 35, 48, 32, 12, 22,
       45, 26, 58, 53, 23, 59, 61,  4, 37, 28, 60,  5, 10,  2, 40, 51, 33,
        7, 24, 21, 16, 29, 50, 46, 43, 11, 39, 36,  8,  1, 38, 20, 42, 41,
       47, 27, 57, 49,  9, 25, 17, 13, 30, 54,  3]), 'epoch': 0, 'iter_in_epoch': 59, 'update': np.float64(-0.7853986358601852), 'new_core_eval': np.True_}
2025-08-02 02:38:22,029 INFO optimization_monitor: optimizer internal status: () {'idx_set': array([ 6, 18, 31, 56, 15, 55, 52, 19,  0, 34, 14, 44, 35, 48, 32, 12, 22,
       45, 26, 58, 53, 23, 59, 61,  4, 37, 28, 60,  5, 10,  2, 40, 51, 33,
        7, 24, 21, 16, 29, 50, 46, 43, 11, 39, 36,  8,  1, 38, 20, 42, 41,
       47, 27, 57, 49,  9, 25, 17, 13, 30, 54,  3]), 'epoch': 0, 'iter_in_epoch': 60, 'update': np.float64(0.7829801362877296), 'new_core_eval': np.True_}
2025-08-02 02:38:22,548 INFO optimization_monitor: optimizer internal status: () {'idx_set': array([ 6, 18, 31, 56, 15, 55, 52, 19,  0, 34, 14, 44, 35, 48, 32, 12, 22,
       45, 26, 58, 53, 23, 59, 61,  4, 37, 28, 60,  5, 10,  2, 40, 51, 33,
        7, 24, 21, 16, 29, 50, 46, 43, 11, 39, 36,  8,  1, 38, 20, 42, 41,
       47, 27, 57, 49,  9, 25, 17, 13, 30, 54,  3]), 'epoch': 0, 'iter_in_epoch': 61, 'update': np.float64(-0.7853910147153581), 'new_core_eval': np.True_}
2025-08-02 02:38:23,069 INFO optimization_monitor: optimizer internal status: () {'idx_set': array([ 6, 18, 31, 56, 15, 55, 52, 19,  0, 34, 14, 44, 35, 48, 32, 12, 22,
       45, 26, 58, 53, 23, 59, 61,  4, 37, 28, 60,  5, 10,  2, 40, 51, 33,
        7, 24, 21, 16, 29, 50, 46, 43, 11, 39, 36,  8,  1, 38, 20, 42, 41,
       47, 27, 57, 49,  9, 25, 17, 13, 30, 54,  3]), 'epoch': 0, 'iter_in_epoch': 61, 'update': np.float64(-0.7840325550542402), 'new_core_eval': np.True_}
2025-08-04 00:20:07,008 INFO optimization_wrapper: run...
2025-08-04 00:20:07,008 DEBUG optimization_wrapper: Using X0 [1.04719755 1.04719755 1.04719755 1.04719755 1.04719755 1.04719755
 1.04719755 1.04719755 1.04719755 1.04719755 1.04719755 1.04719755
 1.04719755 1.04719755 1.04719755 1.04719755 1.04719755 1.04719755
 1.04719755 1.04719755 1.04719755 1.04719755 1.04719755 1.04719755
 1.04719755 1.04719755 1.04719755 1.04719755 1.04719755 1.04719755
 1.04719755 1.04719755 1.04719755 1.04719755 1.04719755 1.04719755
 1.04719755 1.04719755 1.04719755 1.04719755 1.04719755 1.04719755
 1.04719755 1.04719755 1.04719755 1.04719755 1.04719755 1.04719755
 1.04719755 1.04719755 1.04719755 1.04719755 1.04719755 1.04719755
 1.04719755 1.04719755 1.04719755 1.04719755 1.04719755 1.04719755
 1.04719755]
2025-08-04 00:20:07,008 INFO nft: Using parameters: max_epoch 4
2025-08-04 00:20:07,008 INFO nft: Using parameters: random_update True
2025-08-04 00:20:07,008 INFO nft: Using parameters: epoch_start 0
2025-08-04 00:20:07,008 INFO nft: Using parameters: idx_set_start None
2025-08-04 00:20:07,008 INFO nft: Using parameters: step_start 0
2025-08-04 00:20:07,163 INFO optimization_monitor: optimizer internal status: () {'idx_set': array([23, 21,  4, 40, 50, 10, 18, 26,  9, 15, 57, 39, 46, 11,  7, 47,  5,
       27, 53, 34, 28, 51, 56, 49, 22, 29,  3, 17, 35, 48, 43, 20, 37, 55,
       24,  0, 25,  1, 41, 52, 32, 38, 60, 13, 31, 30, 33,  6, 36, 14, 58,
       42, 59,  8, 16, 19, 45, 54, 44,  2, 12]), 'epoch': 0, 'iter_in_epoch': 0, 'update': None, 'new_core_eval': True}
2025-08-04 00:20:07,550 INFO optimization_monitor: optimizer internal status: () {'idx_set': array([23, 21,  4, 40, 50, 10, 18, 26,  9, 15, 57, 39, 46, 11,  7, 47,  5,
       27, 53, 34, 28, 51, 56, 49, 22, 29,  3, 17, 35, 48, 43, 20, 37, 55,
       24,  0, 25,  1, 41, 52, 32, 38, 60, 13, 31, 30, 33,  6, 36, 14, 58,
       42, 59,  8, 16, 19, 45, 54, 44,  2, 12]), 'epoch': 0, 'iter_in_epoch': 1, 'update': np.float64(-1.3278246582199134), 'new_core_eval': np.True_}
2025-08-04 00:20:07,971 INFO optimization_monitor: optimizer internal status: () {'idx_set': array([23, 21,  4, 40, 50, 10, 18, 26,  9, 15, 57, 39, 46, 11,  7, 47,  5,
       27, 53, 34, 28, 51, 56, 49, 22, 29,  3, 17, 35, 48, 43, 20, 37, 55,
       24,  0, 25,  1, 41, 52, 32, 38, 60, 13, 31, 30, 33,  6, 36, 14, 58,
       42, 59,  8, 16, 19, 45, 54, 44,  2, 12]), 'epoch': 0, 'iter_in_epoch': 2, 'update': np.float64(-0.8498399934483465), 'new_core_eval': np.True_}
2025-08-04 00:20:08,401 INFO optimization_monitor: optimizer internal status: () {'idx_set': array([23, 21,  4, 40, 50, 10, 18, 26,  9, 15, 57, 39, 46, 11,  7, 47,  5,
       27, 53, 34, 28, 51, 56, 49, 22, 29,  3, 17, 35, 48, 43, 20, 37, 55,
       24,  0, 25,  1, 41, 52, 32, 38, 60, 13, 31, 30, 33,  6, 36, 14, 58,
       42, 59,  8, 16, 19, 45, 54, 44,  2, 12]), 'epoch': 0, 'iter_in_epoch': 3, 'update': np.float64(-0.9929355888000779), 'new_core_eval': np.True_}
2025-08-04 00:20:08,829 INFO optimization_monitor: optimizer internal status: () {'idx_set': array([23, 21,  4, 40, 50, 10, 18, 26,  9, 15, 57, 39, 46, 11,  7, 47,  5,
       27, 53, 34, 28, 51, 56, 49, 22, 29,  3, 17, 35, 48, 43, 20, 37, 55,
       24,  0, 25,  1, 41, 52, 32, 38, 60, 13, 31, 30, 33,  6, 36, 14, 58,
       42, 59,  8, 16, 19, 45, 54, 44,  2, 12]), 'epoch': 0, 'iter_in_epoch': 4, 'update': np.float64(1.1921057387933123), 'new_core_eval': np.True_}
2025-08-04 00:20:09,250 INFO optimization_monitor: optimizer internal status: () {'idx_set': array([23, 21,  4, 40, 50, 10, 18, 26,  9, 15, 57, 39, 46, 11,  7, 47,  5,
       27, 53, 34, 28, 51, 56, 49, 22, 29,  3, 17, 35, 48, 43, 20, 37, 55,
       24,  0, 25,  1, 41, 52, 32, 38, 60, 13, 31, 30, 33,  6, 36, 14, 58,
       42, 59,  8, 16, 19, 45, 54, 44,  2, 12]), 'epoch': 0, 'iter_in_epoch': 5, 'update': np.float64(-0.7875388158024305), 'new_core_eval': np.True_}
2025-08-04 00:20:09,679 INFO optimization_monitor: optimizer internal status: () {'idx_set': array([23, 21,  4, 40, 50, 10, 18, 26,  9, 15, 57, 39, 46, 11,  7, 47,  5,
       27, 53, 34, 28, 51, 56, 49, 22, 29,  3, 17, 35, 48, 43, 20, 37, 55,
       24,  0, 25,  1, 41, 52, 32, 38, 60, 13, 31, 30, 33,  6, 36, 14, 58,
       42, 59,  8, 16, 19, 45, 54, 44,  2, 12]), 'epoch': 0, 'iter_in_epoch': 6, 'update': np.float64(1.0207111876226171), 'new_core_eval': np.True_}
2025-08-04 00:20:10,101 INFO optimization_monitor: optimizer internal status: () {'idx_set': array([23, 21,  4, 40, 50, 10, 18, 26,  9, 15, 57, 39, 46, 11,  7, 47,  5,
       27, 53, 34, 28, 51, 56, 49, 22, 29,  3, 17, 35, 48, 43, 20, 37, 55,
       24,  0, 25,  1, 41, 52, 32, 38, 60, 13, 31, 30, 33,  6, 36, 14, 58,
       42, 59,  8, 16, 19, 45, 54, 44,  2, 12]), 'epoch': 0, 'iter_in_epoch': 7, 'update': np.float64(-0.12057764355269218), 'new_core_eval': np.True_}
2025-08-04 00:20:10,524 INFO optimization_monitor: optimizer internal status: () {'idx_set': array([23, 21,  4, 40, 50, 10, 18, 26,  9, 15, 57, 39, 46, 11,  7, 47,  5,
       27, 53, 34, 28, 51, 56, 49, 22, 29,  3, 17, 35, 48, 43, 20, 37, 55,
       24,  0, 25,  1, 41, 52, 32, 38, 60, 13, 31, 30, 33,  6, 36, 14, 58,
       42, 59,  8, 16, 19, 45, 54, 44,  2, 12]), 'epoch': 0, 'iter_in_epoch': 8, 'update': np.float64(0.002825550176637881), 'new_core_eval': np.True_}
2025-08-04 00:20:10,945 INFO optimization_monitor: optimizer internal status: () {'idx_set': array([23, 21,  4, 40, 50, 10, 18, 26,  9, 15, 57, 39, 46, 11,  7, 47,  5,
       27, 53, 34, 28, 51, 56, 49, 22, 29,  3, 17, 35, 48, 43, 20, 37, 55,
       24,  0, 25,  1, 41, 52, 32, 38, 60, 13, 31, 30, 33,  6, 36, 14, 58,
       42, 59,  8, 16, 19, 45, 54, 44,  2, 12]), 'epoch': 0, 'iter_in_epoch': 9, 'update': np.float64(0.670434486451698), 'new_core_eval': np.True_}
2025-08-04 00:20:11,365 INFO optimization_monitor: optimizer internal status: () {'idx_set': array([23, 21,  4, 40, 50, 10, 18, 26,  9, 15, 57, 39, 46, 11,  7, 47,  5,
       27, 53, 34, 28, 51, 56, 49, 22, 29,  3, 17, 35, 48, 43, 20, 37, 55,
       24,  0, 25,  1, 41, 52, 32, 38, 60, 13, 31, 30, 33,  6, 36, 14, 58,
       42, 59,  8, 16, 19, 45, 54, 44,  2, 12]), 'epoch': 0, 'iter_in_epoch': 10, 'update': np.float64(-0.3222699399093978), 'new_core_eval': np.True_}
2025-08-04 00:20:11,798 INFO optimization_monitor: optimizer internal status: () {'idx_set': array([23, 21,  4, 40, 50, 10, 18, 26,  9, 15, 57, 39, 46, 11,  7, 47,  5,
       27, 53, 34, 28, 51, 56, 49, 22, 29,  3, 17, 35, 48, 43, 20, 37, 55,
       24,  0, 25,  1, 41, 52, 32, 38, 60, 13, 31, 30, 33,  6, 36, 14, 58,
       42, 59,  8, 16, 19, 45, 54, 44,  2, 12]), 'epoch': 0, 'iter_in_epoch': 11, 'update': np.float64(-0.7907884816304727), 'new_core_eval': np.True_}
2025-08-04 00:20:12,215 INFO optimization_monitor: optimizer internal status: () {'idx_set': array([23, 21,  4, 40, 50, 10, 18, 26,  9, 15, 57, 39, 46, 11,  7, 47,  5,
       27, 53, 34, 28, 51, 56, 49, 22, 29,  3, 17, 35, 48, 43, 20, 37, 55,
       24,  0, 25,  1, 41, 52, 32, 38, 60, 13, 31, 30, 33,  6, 36, 14, 58,
       42, 59,  8, 16, 19, 45, 54, 44,  2, 12]), 'epoch': 0, 'iter_in_epoch': 12, 'update': np.float64(0.8214270042816911), 'new_core_eval': np.True_}
2025-08-04 00:20:12,648 INFO optimization_monitor: optimizer internal status: () {'idx_set': array([23, 21,  4, 40, 50, 10, 18, 26,  9, 15, 57, 39, 46, 11,  7, 47,  5,
       27, 53, 34, 28, 51, 56, 49, 22, 29,  3, 17, 35, 48, 43, 20, 37, 55,
       24,  0, 25,  1, 41, 52, 32, 38, 60, 13, 31, 30, 33,  6, 36, 14, 58,
       42, 59,  8, 16, 19, 45, 54, 44,  2, 12]), 'epoch': 0, 'iter_in_epoch': 13, 'update': np.float64(-0.9487377544579086), 'new_core_eval': np.True_}
2025-08-04 00:20:13,093 INFO optimization_monitor: optimizer internal status: () {'idx_set': array([23, 21,  4, 40, 50, 10, 18, 26,  9, 15, 57, 39, 46, 11,  7, 47,  5,
       27, 53, 34, 28, 51, 56, 49, 22, 29,  3, 17, 35, 48, 43, 20, 37, 55,
       24,  0, 25,  1, 41, 52, 32, 38, 60, 13, 31, 30, 33,  6, 36, 14, 58,
       42, 59,  8, 16, 19, 45, 54, 44,  2, 12]), 'epoch': 0, 'iter_in_epoch': 14, 'update': np.float64(-0.732356441169341), 'new_core_eval': np.True_}
2025-08-04 00:20:13,503 INFO optimization_monitor: optimizer internal status: () {'idx_set': array([23, 21,  4, 40, 50, 10, 18, 26,  9, 15, 57, 39, 46, 11,  7, 47,  5,
       27, 53, 34, 28, 51, 56, 49, 22, 29,  3, 17, 35, 48, 43, 20, 37, 55,
       24,  0, 25,  1, 41, 52, 32, 38, 60, 13, 31, 30, 33,  6, 36, 14, 58,
       42, 59,  8, 16, 19, 45, 54, 44,  2, 12]), 'epoch': 0, 'iter_in_epoch': 15, 'update': np.float64(0.021827431373959927), 'new_core_eval': np.True_}
2025-08-04 00:20:13,934 INFO optimization_monitor: optimizer internal status: () {'idx_set': array([23, 21,  4, 40, 50, 10, 18, 26,  9, 15, 57, 39, 46, 11,  7, 47,  5,
       27, 53, 34, 28, 51, 56, 49, 22, 29,  3, 17, 35, 48, 43, 20, 37, 55,
       24,  0, 25,  1, 41, 52, 32, 38, 60, 13, 31, 30, 33,  6, 36, 14, 58,
       42, 59,  8, 16, 19, 45, 54, 44,  2, 12]), 'epoch': 0, 'iter_in_epoch': 16, 'update': np.float64(-1.3868206835129537), 'new_core_eval': np.True_}
2025-08-04 00:20:14,369 INFO optimization_monitor: optimizer internal status: () {'idx_set': array([23, 21,  4, 40, 50, 10, 18, 26,  9, 15, 57, 39, 46, 11,  7, 47,  5,
       27, 53, 34, 28, 51, 56, 49, 22, 29,  3, 17, 35, 48, 43, 20, 37, 55,
       24,  0, 25,  1, 41, 52, 32, 38, 60, 13, 31, 30, 33,  6, 36, 14, 58,
       42, 59,  8, 16, 19, 45, 54, 44,  2, 12]), 'epoch': 0, 'iter_in_epoch': 17, 'update': np.float64(0.8188605169704142), 'new_core_eval': np.True_}
2025-08-04 00:20:14,812 INFO optimization_monitor: optimizer internal status: () {'idx_set': array([23, 21,  4, 40, 50, 10, 18, 26,  9, 15, 57, 39, 46, 11,  7, 47,  5,
       27, 53, 34, 28, 51, 56, 49, 22, 29,  3, 17, 35, 48, 43, 20, 37, 55,
       24,  0, 25,  1, 41, 52, 32, 38, 60, 13, 31, 30, 33,  6, 36, 14, 58,
       42, 59,  8, 16, 19, 45, 54, 44,  2, 12]), 'epoch': 0, 'iter_in_epoch': 18, 'update': np.float64(1.1263929350425828), 'new_core_eval': np.True_}
2025-08-04 00:20:15,242 INFO optimization_monitor: optimizer internal status: () {'idx_set': array([23, 21,  4, 40, 50, 10, 18, 26,  9, 15, 57, 39, 46, 11,  7, 47,  5,
       27, 53, 34, 28, 51, 56, 49, 22, 29,  3, 17, 35, 48, 43, 20, 37, 55,
       24,  0, 25,  1, 41, 52, 32, 38, 60, 13, 31, 30, 33,  6, 36, 14, 58,
       42, 59,  8, 16, 19, 45, 54, 44,  2, 12]), 'epoch': 0, 'iter_in_epoch': 19, 'update': np.float64(-1.2668138244154583), 'new_core_eval': np.True_}
2025-08-04 00:20:15,689 INFO optimization_monitor: optimizer internal status: () {'idx_set': array([23, 21,  4, 40, 50, 10, 18, 26,  9, 15, 57, 39, 46, 11,  7, 47,  5,
       27, 53, 34, 28, 51, 56, 49, 22, 29,  3, 17, 35, 48, 43, 20, 37, 55,
       24,  0, 25,  1, 41, 52, 32, 38, 60, 13, 31, 30, 33,  6, 36, 14, 58,
       42, 59,  8, 16, 19, 45, 54, 44,  2, 12]), 'epoch': 0, 'iter_in_epoch': 20, 'update': np.float64(0.8517009412143313), 'new_core_eval': np.True_}
2025-08-04 00:20:16,134 INFO optimization_monitor: optimizer internal status: () {'idx_set': array([23, 21,  4, 40, 50, 10, 18, 26,  9, 15, 57, 39, 46, 11,  7, 47,  5,
       27, 53, 34, 28, 51, 56, 49, 22, 29,  3, 17, 35, 48, 43, 20, 37, 55,
       24,  0, 25,  1, 41, 52, 32, 38, 60, 13, 31, 30, 33,  6, 36, 14, 58,
       42, 59,  8, 16, 19, 45, 54, 44,  2, 12]), 'epoch': 0, 'iter_in_epoch': 21, 'update': np.float64(1.2088475346701857), 'new_core_eval': np.True_}
2025-08-04 00:20:16,572 INFO optimization_monitor: optimizer internal status: () {'idx_set': array([23, 21,  4, 40, 50, 10, 18, 26,  9, 15, 57, 39, 46, 11,  7, 47,  5,
       27, 53, 34, 28, 51, 56, 49, 22, 29,  3, 17, 35, 48, 43, 20, 37, 55,
       24,  0, 25,  1, 41, 52, 32, 38, 60, 13, 31, 30, 33,  6, 36, 14, 58,
       42, 59,  8, 16, 19, 45, 54, 44,  2, 12]), 'epoch': 0, 'iter_in_epoch': 22, 'update': np.float64(4.385766569436308), 'new_core_eval': np.True_}
2025-08-04 00:20:17,008 INFO optimization_monitor: optimizer internal status: () {'idx_set': array([23, 21,  4, 40, 50, 10, 18, 26,  9, 15, 57, 39, 46, 11,  7, 47,  5,
       27, 53, 34, 28, 51, 56, 49, 22, 29,  3, 17, 35, 48, 43, 20, 37, 55,
       24,  0, 25,  1, 41, 52, 32, 38, 60, 13, 31, 30, 33,  6, 36, 14, 58,
       42, 59,  8, 16, 19, 45, 54, 44,  2, 12]), 'epoch': 0, 'iter_in_epoch': 23, 'update': np.float64(0.48314152481859174), 'new_core_eval': np.True_}
2025-08-04 00:20:17,453 INFO optimization_monitor: optimizer internal status: () {'idx_set': array([23, 21,  4, 40, 50, 10, 18, 26,  9, 15, 57, 39, 46, 11,  7, 47,  5,
       27, 53, 34, 28, 51, 56, 49, 22, 29,  3, 17, 35, 48, 43, 20, 37, 55,
       24,  0, 25,  1, 41, 52, 32, 38, 60, 13, 31, 30, 33,  6, 36, 14, 58,
       42, 59,  8, 16, 19, 45, 54, 44,  2, 12]), 'epoch': 0, 'iter_in_epoch': 24, 'update': np.float64(2.7969557839386683), 'new_core_eval': np.True_}
2025-08-04 00:20:17,893 INFO optimization_monitor: optimizer internal status: () {'idx_set': array([23, 21,  4, 40, 50, 10, 18, 26,  9, 15, 57, 39, 46, 11,  7, 47,  5,
       27, 53, 34, 28, 51, 56, 49, 22, 29,  3, 17, 35, 48, 43, 20, 37, 55,
       24,  0, 25,  1, 41, 52, 32, 38, 60, 13, 31, 30, 33,  6, 36, 14, 58,
       42, 59,  8, 16, 19, 45, 54, 44,  2, 12]), 'epoch': 0, 'iter_in_epoch': 25, 'update': np.float64(-0.2286977488157078), 'new_core_eval': np.True_}
2025-08-04 00:20:18,350 INFO optimization_monitor: optimizer internal status: () {'idx_set': array([23, 21,  4, 40, 50, 10, 18, 26,  9, 15, 57, 39, 46, 11,  7, 47,  5,
       27, 53, 34, 28, 51, 56, 49, 22, 29,  3, 17, 35, 48, 43, 20, 37, 55,
       24,  0, 25,  1, 41, 52, 32, 38, 60, 13, 31, 30, 33,  6, 36, 14, 58,
       42, 59,  8, 16, 19, 45, 54, 44,  2, 12]), 'epoch': 0, 'iter_in_epoch': 26, 'update': np.float64(-0.6080886416918305), 'new_core_eval': np.True_}
2025-08-04 00:20:18,800 INFO optimization_monitor: optimizer internal status: () {'idx_set': array([23, 21,  4, 40, 50, 10, 18, 26,  9, 15, 57, 39, 46, 11,  7, 47,  5,
       27, 53, 34, 28, 51, 56, 49, 22, 29,  3, 17, 35, 48, 43, 20, 37, 55,
       24,  0, 25,  1, 41, 52, 32, 38, 60, 13, 31, 30, 33,  6, 36, 14, 58,
       42, 59,  8, 16, 19, 45, 54, 44,  2, 12]), 'epoch': 0, 'iter_in_epoch': 27, 'update': np.float64(-0.1935061038530883), 'new_core_eval': np.True_}
2025-08-04 00:20:19,257 INFO optimization_monitor: optimizer internal status: () {'idx_set': array([23, 21,  4, 40, 50, 10, 18, 26,  9, 15, 57, 39, 46, 11,  7, 47,  5,
       27, 53, 34, 28, 51, 56, 49, 22, 29,  3, 17, 35, 48, 43, 20, 37, 55,
       24,  0, 25,  1, 41, 52, 32, 38, 60, 13, 31, 30, 33,  6, 36, 14, 58,
       42, 59,  8, 16, 19, 45, 54, 44,  2, 12]), 'epoch': 0, 'iter_in_epoch': 28, 'update': np.float64(-0.5957940056651242), 'new_core_eval': np.True_}
2025-08-04 00:20:19,713 INFO optimization_monitor: optimizer internal status: () {'idx_set': array([23, 21,  4, 40, 50, 10, 18, 26,  9, 15, 57, 39, 46, 11,  7, 47,  5,
       27, 53, 34, 28, 51, 56, 49, 22, 29,  3, 17, 35, 48, 43, 20, 37, 55,
       24,  0, 25,  1, 41, 52, 32, 38, 60, 13, 31, 30, 33,  6, 36, 14, 58,
       42, 59,  8, 16, 19, 45, 54, 44,  2, 12]), 'epoch': 0, 'iter_in_epoch': 29, 'update': np.float64(-0.4861075265271557), 'new_core_eval': np.True_}
2025-08-04 00:20:20,177 INFO optimization_monitor: optimizer internal status: () {'idx_set': array([23, 21,  4, 40, 50, 10, 18, 26,  9, 15, 57, 39, 46, 11,  7, 47,  5,
       27, 53, 34, 28, 51, 56, 49, 22, 29,  3, 17, 35, 48, 43, 20, 37, 55,
       24,  0, 25,  1, 41, 52, 32, 38, 60, 13, 31, 30, 33,  6, 36, 14, 58,
       42, 59,  8, 16, 19, 45, 54, 44,  2, 12]), 'epoch': 0, 'iter_in_epoch': 30, 'update': np.float64(0.41758613417206836), 'new_core_eval': np.True_}
2025-08-04 00:20:20,618 INFO optimization_monitor: optimizer internal status: () {'idx_set': array([23, 21,  4, 40, 50, 10, 18, 26,  9, 15, 57, 39, 46, 11,  7, 47,  5,
       27, 53, 34, 28, 51, 56, 49, 22, 29,  3, 17, 35, 48, 43, 20, 37, 55,
       24,  0, 25,  1, 41, 52, 32, 38, 60, 13, 31, 30, 33,  6, 36, 14, 58,
       42, 59,  8, 16, 19, 45, 54, 44,  2, 12]), 'epoch': 0, 'iter_in_epoch': 31, 'update': np.float64(2.037170560636998), 'new_core_eval': np.True_}
2025-08-04 00:20:21,085 INFO optimization_monitor: optimizer internal status: () {'idx_set': array([23, 21,  4, 40, 50, 10, 18, 26,  9, 15, 57, 39, 46, 11,  7, 47,  5,
       27, 53, 34, 28, 51, 56, 49, 22, 29,  3, 17, 35, 48, 43, 20, 37, 55,
       24,  0, 25,  1, 41, 52, 32, 38, 60, 13, 31, 30, 33,  6, 36, 14, 58,
       42, 59,  8, 16, 19, 45, 54, 44,  2, 12]), 'epoch': 0, 'iter_in_epoch': 32, 'update': np.float64(1.5375062345681474), 'new_core_eval': np.True_}
2025-08-04 00:20:21,544 INFO optimization_monitor: optimizer internal status: () {'idx_set': array([23, 21,  4, 40, 50, 10, 18, 26,  9, 15, 57, 39, 46, 11,  7, 47,  5,
       27, 53, 34, 28, 51, 56, 49, 22, 29,  3, 17, 35, 48, 43, 20, 37, 55,
       24,  0, 25,  1, 41, 52, 32, 38, 60, 13, 31, 30, 33,  6, 36, 14, 58,
       42, 59,  8, 16, 19, 45, 54, 44,  2, 12]), 'epoch': 0, 'iter_in_epoch': 33, 'update': np.float64(1.00941500066701), 'new_core_eval': np.True_}
2025-08-04 00:20:22,005 INFO optimization_monitor: optimizer internal status: () {'idx_set': array([23, 21,  4, 40, 50, 10, 18, 26,  9, 15, 57, 39, 46, 11,  7, 47,  5,
       27, 53, 34, 28, 51, 56, 49, 22, 29,  3, 17, 35, 48, 43, 20, 37, 55,
       24,  0, 25,  1, 41, 52, 32, 38, 60, 13, 31, 30, 33,  6, 36, 14, 58,
       42, 59,  8, 16, 19, 45, 54, 44,  2, 12]), 'epoch': 0, 'iter_in_epoch': 34, 'update': np.float64(-0.7163504599277214), 'new_core_eval': np.True_}
2025-08-04 00:20:22,466 INFO optimization_monitor: optimizer internal status: () {'idx_set': array([23, 21,  4, 40, 50, 10, 18, 26,  9, 15, 57, 39, 46, 11,  7, 47,  5,
       27, 53, 34, 28, 51, 56, 49, 22, 29,  3, 17, 35, 48, 43, 20, 37, 55,
       24,  0, 25,  1, 41, 52, 32, 38, 60, 13, 31, 30, 33,  6, 36, 14, 58,
       42, 59,  8, 16, 19, 45, 54, 44,  2, 12]), 'epoch': 0, 'iter_in_epoch': 35, 'update': np.float64(-0.7931472093095394), 'new_core_eval': np.True_}
2025-08-04 00:20:22,916 INFO optimization_monitor: optimizer internal status: () {'idx_set': array([23, 21,  4, 40, 50, 10, 18, 26,  9, 15, 57, 39, 46, 11,  7, 47,  5,
       27, 53, 34, 28, 51, 56, 49, 22, 29,  3, 17, 35, 48, 43, 20, 37, 55,
       24,  0, 25,  1, 41, 52, 32, 38, 60, 13, 31, 30, 33,  6, 36, 14, 58,
       42, 59,  8, 16, 19, 45, 54, 44,  2, 12]), 'epoch': 0, 'iter_in_epoch': 36, 'update': np.float64(0.11718260935479496), 'new_core_eval': np.True_}
2025-08-04 00:20:23,375 INFO optimization_monitor: optimizer internal status: () {'idx_set': array([23, 21,  4, 40, 50, 10, 18, 26,  9, 15, 57, 39, 46, 11,  7, 47,  5,
       27, 53, 34, 28, 51, 56, 49, 22, 29,  3, 17, 35, 48, 43, 20, 37, 55,
       24,  0, 25,  1, 41, 52, 32, 38, 60, 13, 31, 30, 33,  6, 36, 14, 58,
       42, 59,  8, 16, 19, 45, 54, 44,  2, 12]), 'epoch': 0, 'iter_in_epoch': 37, 'update': np.float64(-0.6659347320241255), 'new_core_eval': np.True_}
2025-08-04 00:20:23,844 INFO optimization_monitor: optimizer internal status: () {'idx_set': array([23, 21,  4, 40, 50, 10, 18, 26,  9, 15, 57, 39, 46, 11,  7, 47,  5,
       27, 53, 34, 28, 51, 56, 49, 22, 29,  3, 17, 35, 48, 43, 20, 37, 55,
       24,  0, 25,  1, 41, 52, 32, 38, 60, 13, 31, 30, 33,  6, 36, 14, 58,
       42, 59,  8, 16, 19, 45, 54, 44,  2, 12]), 'epoch': 0, 'iter_in_epoch': 38, 'update': np.float64(-0.08963730884072418), 'new_core_eval': np.True_}
2025-08-04 00:20:24,298 INFO optimization_monitor: optimizer internal status: () {'idx_set': array([23, 21,  4, 40, 50, 10, 18, 26,  9, 15, 57, 39, 46, 11,  7, 47,  5,
       27, 53, 34, 28, 51, 56, 49, 22, 29,  3, 17, 35, 48, 43, 20, 37, 55,
       24,  0, 25,  1, 41, 52, 32, 38, 60, 13, 31, 30, 33,  6, 36, 14, 58,
       42, 59,  8, 16, 19, 45, 54, 44,  2, 12]), 'epoch': 0, 'iter_in_epoch': 39, 'update': np.float64(-0.672658183362312), 'new_core_eval': np.True_}
2025-08-04 00:20:24,751 INFO optimization_monitor: optimizer internal status: () {'idx_set': array([23, 21,  4, 40, 50, 10, 18, 26,  9, 15, 57, 39, 46, 11,  7, 47,  5,
       27, 53, 34, 28, 51, 56, 49, 22, 29,  3, 17, 35, 48, 43, 20, 37, 55,
       24,  0, 25,  1, 41, 52, 32, 38, 60, 13, 31, 30, 33,  6, 36, 14, 58,
       42, 59,  8, 16, 19, 45, 54, 44,  2, 12]), 'epoch': 0, 'iter_in_epoch': 40, 'update': np.float64(-0.8347567004197508), 'new_core_eval': np.True_}
2025-08-04 00:20:25,194 INFO optimization_monitor: optimizer internal status: () {'idx_set': array([23, 21,  4, 40, 50, 10, 18, 26,  9, 15, 57, 39, 46, 11,  7, 47,  5,
       27, 53, 34, 28, 51, 56, 49, 22, 29,  3, 17, 35, 48, 43, 20, 37, 55,
       24,  0, 25,  1, 41, 52, 32, 38, 60, 13, 31, 30, 33,  6, 36, 14, 58,
       42, 59,  8, 16, 19, 45, 54, 44,  2, 12]), 'epoch': 0, 'iter_in_epoch': 41, 'update': np.float64(0.8759696622982831), 'new_core_eval': np.True_}
2025-08-04 00:20:25,661 INFO optimization_monitor: optimizer internal status: () {'idx_set': array([23, 21,  4, 40, 50, 10, 18, 26,  9, 15, 57, 39, 46, 11,  7, 47,  5,
       27, 53, 34, 28, 51, 56, 49, 22, 29,  3, 17, 35, 48, 43, 20, 37, 55,
       24,  0, 25,  1, 41, 52, 32, 38, 60, 13, 31, 30, 33,  6, 36, 14, 58,
       42, 59,  8, 16, 19, 45, 54, 44,  2, 12]), 'epoch': 0, 'iter_in_epoch': 42, 'update': np.float64(4.013891460562121), 'new_core_eval': np.True_}
2025-08-04 00:20:26,106 INFO optimization_monitor: optimizer internal status: () {'idx_set': array([23, 21,  4, 40, 50, 10, 18, 26,  9, 15, 57, 39, 46, 11,  7, 47,  5,
       27, 53, 34, 28, 51, 56, 49, 22, 29,  3, 17, 35, 48, 43, 20, 37, 55,
       24,  0, 25,  1, 41, 52, 32, 38, 60, 13, 31, 30, 33,  6, 36, 14, 58,
       42, 59,  8, 16, 19, 45, 54, 44,  2, 12]), 'epoch': 0, 'iter_in_epoch': 43, 'update': np.float64(-0.5439496018846751), 'new_core_eval': np.True_}
2025-08-04 00:20:26,555 INFO optimization_monitor: optimizer internal status: () {'idx_set': array([23, 21,  4, 40, 50, 10, 18, 26,  9, 15, 57, 39, 46, 11,  7, 47,  5,
       27, 53, 34, 28, 51, 56, 49, 22, 29,  3, 17, 35, 48, 43, 20, 37, 55,
       24,  0, 25,  1, 41, 52, 32, 38, 60, 13, 31, 30, 33,  6, 36, 14, 58,
       42, 59,  8, 16, 19, 45, 54, 44,  2, 12]), 'epoch': 0, 'iter_in_epoch': 44, 'update': np.float64(-0.7821557119316745), 'new_core_eval': np.True_}
2025-08-04 00:20:27,009 INFO optimization_monitor: optimizer internal status: () {'idx_set': array([23, 21,  4, 40, 50, 10, 18, 26,  9, 15, 57, 39, 46, 11,  7, 47,  5,
       27, 53, 34, 28, 51, 56, 49, 22, 29,  3, 17, 35, 48, 43, 20, 37, 55,
       24,  0, 25,  1, 41, 52, 32, 38, 60, 13, 31, 30, 33,  6, 36, 14, 58,
       42, 59,  8, 16, 19, 45, 54, 44,  2, 12]), 'epoch': 0, 'iter_in_epoch': 45, 'update': np.float64(0.7955420313065946), 'new_core_eval': np.True_}
2025-08-04 00:20:27,452 INFO optimization_monitor: optimizer internal status: () {'idx_set': array([23, 21,  4, 40, 50, 10, 18, 26,  9, 15, 57, 39, 46, 11,  7, 47,  5,
       27, 53, 34, 28, 51, 56, 49, 22, 29,  3, 17, 35, 48, 43, 20, 37, 55,
       24,  0, 25,  1, 41, 52, 32, 38, 60, 13, 31, 30, 33,  6, 36, 14, 58,
       42, 59,  8, 16, 19, 45, 54, 44,  2, 12]), 'epoch': 0, 'iter_in_epoch': 46, 'update': np.float64(-0.6656620412180919), 'new_core_eval': np.True_}
2025-08-04 00:20:27,890 INFO optimization_monitor: optimizer internal status: () {'idx_set': array([23, 21,  4, 40, 50, 10, 18, 26,  9, 15, 57, 39, 46, 11,  7, 47,  5,
       27, 53, 34, 28, 51, 56, 49, 22, 29,  3, 17, 35, 48, 43, 20, 37, 55,
       24,  0, 25,  1, 41, 52, 32, 38, 60, 13, 31, 30, 33,  6, 36, 14, 58,
       42, 59,  8, 16, 19, 45, 54, 44,  2, 12]), 'epoch': 0, 'iter_in_epoch': 47, 'update': np.float64(-0.7867468526034118), 'new_core_eval': np.True_}
2025-08-04 00:20:28,321 INFO optimization_monitor: optimizer internal status: () {'idx_set': array([23, 21,  4, 40, 50, 10, 18, 26,  9, 15, 57, 39, 46, 11,  7, 47,  5,
       27, 53, 34, 28, 51, 56, 49, 22, 29,  3, 17, 35, 48, 43, 20, 37, 55,
       24,  0, 25,  1, 41, 52, 32, 38, 60, 13, 31, 30, 33,  6, 36, 14, 58,
       42, 59,  8, 16, 19, 45, 54, 44,  2, 12]), 'epoch': 0, 'iter_in_epoch': 48, 'update': np.float64(-0.11358645682496671), 'new_core_eval': np.True_}
2025-08-04 00:20:28,761 INFO optimization_monitor: optimizer internal status: () {'idx_set': array([23, 21,  4, 40, 50, 10, 18, 26,  9, 15, 57, 39, 46, 11,  7, 47,  5,
       27, 53, 34, 28, 51, 56, 49, 22, 29,  3, 17, 35, 48, 43, 20, 37, 55,
       24,  0, 25,  1, 41, 52, 32, 38, 60, 13, 31, 30, 33,  6, 36, 14, 58,
       42, 59,  8, 16, 19, 45, 54, 44,  2, 12]), 'epoch': 0, 'iter_in_epoch': 49, 'update': np.float64(-0.6088605427860627), 'new_core_eval': np.True_}
2025-08-04 00:20:29,196 INFO optimization_monitor: optimizer internal status: () {'idx_set': array([23, 21,  4, 40, 50, 10, 18, 26,  9, 15, 57, 39, 46, 11,  7, 47,  5,
       27, 53, 34, 28, 51, 56, 49, 22, 29,  3, 17, 35, 48, 43, 20, 37, 55,
       24,  0, 25,  1, 41, 52, 32, 38, 60, 13, 31, 30, 33,  6, 36, 14, 58,
       42, 59,  8, 16, 19, 45, 54, 44,  2, 12]), 'epoch': 0, 'iter_in_epoch': 50, 'update': np.float64(3.284203916313433), 'new_core_eval': np.True_}
2025-08-04 00:20:29,648 INFO optimization_monitor: optimizer internal status: () {'idx_set': array([23, 21,  4, 40, 50, 10, 18, 26,  9, 15, 57, 39, 46, 11,  7, 47,  5,
       27, 53, 34, 28, 51, 56, 49, 22, 29,  3, 17, 35, 48, 43, 20, 37, 55,
       24,  0, 25,  1, 41, 52, 32, 38, 60, 13, 31, 30, 33,  6, 36, 14, 58,
       42, 59,  8, 16, 19, 45, 54, 44,  2, 12]), 'epoch': 0, 'iter_in_epoch': 51, 'update': np.float64(1.0569312719533286), 'new_core_eval': np.True_}
2025-08-04 00:20:30,089 INFO optimization_monitor: optimizer internal status: () {'idx_set': array([23, 21,  4, 40, 50, 10, 18, 26,  9, 15, 57, 39, 46, 11,  7, 47,  5,
       27, 53, 34, 28, 51, 56, 49, 22, 29,  3, 17, 35, 48, 43, 20, 37, 55,
       24,  0, 25,  1, 41, 52, 32, 38, 60, 13, 31, 30, 33,  6, 36, 14, 58,
       42, 59,  8, 16, 19, 45, 54, 44,  2, 12]), 'epoch': 0, 'iter_in_epoch': 52, 'update': np.float64(-0.7853848632180231), 'new_core_eval': np.True_}
2025-08-04 00:20:30,516 INFO optimization_monitor: optimizer internal status: () {'idx_set': array([23, 21,  4, 40, 50, 10, 18, 26,  9, 15, 57, 39, 46, 11,  7, 47,  5,
       27, 53, 34, 28, 51, 56, 49, 22, 29,  3, 17, 35, 48, 43, 20, 37, 55,
       24,  0, 25,  1, 41, 52, 32, 38, 60, 13, 31, 30, 33,  6, 36, 14, 58,
       42, 59,  8, 16, 19, 45, 54, 44,  2, 12]), 'epoch': 0, 'iter_in_epoch': 53, 'update': np.float64(-0.7777433000018247), 'new_core_eval': np.True_}
2025-08-04 00:20:30,954 INFO optimization_monitor: optimizer internal status: () {'idx_set': array([23, 21,  4, 40, 50, 10, 18, 26,  9, 15, 57, 39, 46, 11,  7, 47,  5,
       27, 53, 34, 28, 51, 56, 49, 22, 29,  3, 17, 35, 48, 43, 20, 37, 55,
       24,  0, 25,  1, 41, 52, 32, 38, 60, 13, 31, 30, 33,  6, 36, 14, 58,
       42, 59,  8, 16, 19, 45, 54, 44,  2, 12]), 'epoch': 0, 'iter_in_epoch': 54, 'update': np.float64(-0.6353741347764039), 'new_core_eval': np.True_}
2025-08-04 00:20:31,395 INFO optimization_monitor: optimizer internal status: () {'idx_set': array([23, 21,  4, 40, 50, 10, 18, 26,  9, 15, 57, 39, 46, 11,  7, 47,  5,
       27, 53, 34, 28, 51, 56, 49, 22, 29,  3, 17, 35, 48, 43, 20, 37, 55,
       24,  0, 25,  1, 41, 52, 32, 38, 60, 13, 31, 30, 33,  6, 36, 14, 58,
       42, 59,  8, 16, 19, 45, 54, 44,  2, 12]), 'epoch': 0, 'iter_in_epoch': 55, 'update': np.float64(0.2008147264545892), 'new_core_eval': np.True_}
2025-08-04 00:20:31,828 INFO optimization_monitor: optimizer internal status: () {'idx_set': array([23, 21,  4, 40, 50, 10, 18, 26,  9, 15, 57, 39, 46, 11,  7, 47,  5,
       27, 53, 34, 28, 51, 56, 49, 22, 29,  3, 17, 35, 48, 43, 20, 37, 55,
       24,  0, 25,  1, 41, 52, 32, 38, 60, 13, 31, 30, 33,  6, 36, 14, 58,
       42, 59,  8, 16, 19, 45, 54, 44,  2, 12]), 'epoch': 0, 'iter_in_epoch': 56, 'update': np.float64(-0.7899769787007566), 'new_core_eval': np.True_}
2025-08-04 00:20:32,266 INFO optimization_monitor: optimizer internal status: () {'idx_set': array([23, 21,  4, 40, 50, 10, 18, 26,  9, 15, 57, 39, 46, 11,  7, 47,  5,
       27, 53, 34, 28, 51, 56, 49, 22, 29,  3, 17, 35, 48, 43, 20, 37, 55,
       24,  0, 25,  1, 41, 52, 32, 38, 60, 13, 31, 30, 33,  6, 36, 14, 58,
       42, 59,  8, 16, 19, 45, 54, 44,  2, 12]), 'epoch': 0, 'iter_in_epoch': 57, 'update': np.float64(-0.7725939429230618), 'new_core_eval': np.True_}
2025-08-04 00:20:32,728 INFO optimization_monitor: optimizer internal status: () {'idx_set': array([23, 21,  4, 40, 50, 10, 18, 26,  9, 15, 57, 39, 46, 11,  7, 47,  5,
       27, 53, 34, 28, 51, 56, 49, 22, 29,  3, 17, 35, 48, 43, 20, 37, 55,
       24,  0, 25,  1, 41, 52, 32, 38, 60, 13, 31, 30, 33,  6, 36, 14, 58,
       42, 59,  8, 16, 19, 45, 54, 44,  2, 12]), 'epoch': 0, 'iter_in_epoch': 58, 'update': np.float64(-0.688957502927676), 'new_core_eval': np.True_}
2025-08-04 00:20:33,178 INFO optimization_monitor: optimizer internal status: () {'idx_set': array([23, 21,  4, 40, 50, 10, 18, 26,  9, 15, 57, 39, 46, 11,  7, 47,  5,
       27, 53, 34, 28, 51, 56, 49, 22, 29,  3, 17, 35, 48, 43, 20, 37, 55,
       24,  0, 25,  1, 41, 52, 32, 38, 60, 13, 31, 30, 33,  6, 36, 14, 58,
       42, 59,  8, 16, 19, 45, 54, 44,  2, 12]), 'epoch': 0, 'iter_in_epoch': 59, 'update': np.float64(-0.3528484850047744), 'new_core_eval': np.True_}
2025-08-04 00:20:33,633 INFO optimization_monitor: optimizer internal status: () {'idx_set': array([23, 21,  4, 40, 50, 10, 18, 26,  9, 15, 57, 39, 46, 11,  7, 47,  5,
       27, 53, 34, 28, 51, 56, 49, 22, 29,  3, 17, 35, 48, 43, 20, 37, 55,
       24,  0, 25,  1, 41, 52, 32, 38, 60, 13, 31, 30, 33,  6, 36, 14, 58,
       42, 59,  8, 16, 19, 45, 54, 44,  2, 12]), 'epoch': 0, 'iter_in_epoch': 60, 'update': np.float64(-0.4079954992107855), 'new_core_eval': np.True_}
2025-08-04 00:20:34,088 INFO optimization_monitor: optimizer internal status: () {'idx_set': array([14, 60, 57,  0,  2, 21, 28, 35, 34, 55, 31, 11, 54,  3,  8, 18, 43,
       37, 36, 39, 46, 13, 27, 50, 15,  7, 30, 47, 48, 45, 42, 20, 49, 52,
       10, 26, 41, 23, 16, 29, 58, 44, 53,  4, 24, 33, 17, 38, 19, 56, 59,
       25, 22,  1,  5, 51, 12, 32,  9,  6, 40]), 'epoch': 1, 'iter_in_epoch': 0, 'update': np.float64(-0.8067083878445432), 'new_core_eval': np.True_}
2025-08-04 00:20:34,531 INFO optimization_monitor: optimizer internal status: () {'idx_set': array([14, 60, 57,  0,  2, 21, 28, 35, 34, 55, 31, 11, 54,  3,  8, 18, 43,
       37, 36, 39, 46, 13, 27, 50, 15,  7, 30, 47, 48, 45, 42, 20, 49, 52,
       10, 26, 41, 23, 16, 29, 58, 44, 53,  4, 24, 33, 17, 38, 19, 56, 59,
       25, 22,  1,  5, 51, 12, 32,  9,  6, 40]), 'epoch': 1, 'iter_in_epoch': 1, 'update': np.float64(0.38178351005786126), 'new_core_eval': np.True_}
2025-08-04 00:20:34,977 INFO optimization_monitor: optimizer internal status: () {'idx_set': array([14, 60, 57,  0,  2, 21, 28, 35, 34, 55, 31, 11, 54,  3,  8, 18, 43,
       37, 36, 39, 46, 13, 27, 50, 15,  7, 30, 47, 48, 45, 42, 20, 49, 52,
       10, 26, 41, 23, 16, 29, 58, 44, 53,  4, 24, 33, 17, 38, 19, 56, 59,
       25, 22,  1,  5, 51, 12, 32,  9,  6, 40]), 'epoch': 1, 'iter_in_epoch': 2, 'update': np.float64(-0.784086596827379), 'new_core_eval': np.True_}
2025-08-04 00:20:35,435 INFO optimization_monitor: optimizer internal status: () {'idx_set': array([14, 60, 57,  0,  2, 21, 28, 35, 34, 55, 31, 11, 54,  3,  8, 18, 43,
       37, 36, 39, 46, 13, 27, 50, 15,  7, 30, 47, 48, 45, 42, 20, 49, 52,
       10, 26, 41, 23, 16, 29, 58, 44, 53,  4, 24, 33, 17, 38, 19, 56, 59,
       25, 22,  1,  5, 51, 12, 32,  9,  6, 40]), 'epoch': 1, 'iter_in_epoch': 3, 'update': np.float64(-0.745573819200001), 'new_core_eval': np.True_}
2025-08-04 00:20:35,891 INFO optimization_monitor: optimizer internal status: () {'idx_set': array([14, 60, 57,  0,  2, 21, 28, 35, 34, 55, 31, 11, 54,  3,  8, 18, 43,
       37, 36, 39, 46, 13, 27, 50, 15,  7, 30, 47, 48, 45, 42, 20, 49, 52,
       10, 26, 41, 23, 16, 29, 58, 44, 53,  4, 24, 33, 17, 38, 19, 56, 59,
       25, 22,  1,  5, 51, 12, 32,  9,  6, 40]), 'epoch': 1, 'iter_in_epoch': 4, 'update': np.float64(-0.7201343128750498), 'new_core_eval': np.True_}
2025-08-04 00:20:36,329 INFO optimization_monitor: optimizer internal status: () {'idx_set': array([14, 60, 57,  0,  2, 21, 28, 35, 34, 55, 31, 11, 54,  3,  8, 18, 43,
       37, 36, 39, 46, 13, 27, 50, 15,  7, 30, 47, 48, 45, 42, 20, 49, 52,
       10, 26, 41, 23, 16, 29, 58, 44, 53,  4, 24, 33, 17, 38, 19, 56, 59,
       25, 22,  1,  5, 51, 12, 32,  9,  6, 40]), 'epoch': 1, 'iter_in_epoch': 5, 'update': np.float64(0.25135656984110966), 'new_core_eval': np.True_}
2025-08-04 00:20:36,785 INFO optimization_monitor: optimizer internal status: () {'idx_set': array([14, 60, 57,  0,  2, 21, 28, 35, 34, 55, 31, 11, 54,  3,  8, 18, 43,
       37, 36, 39, 46, 13, 27, 50, 15,  7, 30, 47, 48, 45, 42, 20, 49, 52,
       10, 26, 41, 23, 16, 29, 58, 44, 53,  4, 24, 33, 17, 38, 19, 56, 59,
       25, 22,  1,  5, 51, 12, 32,  9,  6, 40]), 'epoch': 1, 'iter_in_epoch': 6, 'update': np.float64(0.2463761694091383), 'new_core_eval': np.True_}
2025-08-04 00:20:37,214 INFO optimization_monitor: optimizer internal status: () {'idx_set': array([14, 60, 57,  0,  2, 21, 28, 35, 34, 55, 31, 11, 54,  3,  8, 18, 43,
       37, 36, 39, 46, 13, 27, 50, 15,  7, 30, 47, 48, 45, 42, 20, 49, 52,
       10, 26, 41, 23, 16, 29, 58, 44, 53,  4, 24, 33, 17, 38, 19, 56, 59,
       25, 22,  1,  5, 51, 12, 32,  9,  6, 40]), 'epoch': 1, 'iter_in_epoch': 7, 'update': np.float64(0.793110617529694), 'new_core_eval': np.True_}
2025-08-04 00:20:37,642 INFO optimization_monitor: optimizer internal status: () {'idx_set': array([14, 60, 57,  0,  2, 21, 28, 35, 34, 55, 31, 11, 54,  3,  8, 18, 43,
       37, 36, 39, 46, 13, 27, 50, 15,  7, 30, 47, 48, 45, 42, 20, 49, 52,
       10, 26, 41, 23, 16, 29, 58, 44, 53,  4, 24, 33, 17, 38, 19, 56, 59,
       25, 22,  1,  5, 51, 12, 32,  9,  6, 40]), 'epoch': 1, 'iter_in_epoch': 8, 'update': np.float64(-0.6004876403347804), 'new_core_eval': np.True_}
2025-08-04 00:20:38,055 INFO optimization_monitor: optimizer internal status: () {'idx_set': array([14, 60, 57,  0,  2, 21, 28, 35, 34, 55, 31, 11, 54,  3,  8, 18, 43,
       37, 36, 39, 46, 13, 27, 50, 15,  7, 30, 47, 48, 45, 42, 20, 49, 52,
       10, 26, 41, 23, 16, 29, 58, 44, 53,  4, 24, 33, 17, 38, 19, 56, 59,
       25, 22,  1,  5, 51, 12, 32,  9,  6, 40]), 'epoch': 1, 'iter_in_epoch': 9, 'update': np.float64(0.20090524396964993), 'new_core_eval': np.True_}
2025-08-04 00:20:38,487 INFO optimization_monitor: optimizer internal status: () {'idx_set': array([14, 60, 57,  0,  2, 21, 28, 35, 34, 55, 31, 11, 54,  3,  8, 18, 43,
       37, 36, 39, 46, 13, 27, 50, 15,  7, 30, 47, 48, 45, 42, 20, 49, 52,
       10, 26, 41, 23, 16, 29, 58, 44, 53,  4, 24, 33, 17, 38, 19, 56, 59,
       25, 22,  1,  5, 51, 12, 32,  9,  6, 40]), 'epoch': 1, 'iter_in_epoch': 10, 'update': np.float64(-0.3807272313531927), 'new_core_eval': np.True_}
2025-08-04 00:20:38,929 INFO optimization_monitor: optimizer internal status: () {'idx_set': array([14, 60, 57,  0,  2, 21, 28, 35, 34, 55, 31, 11, 54,  3,  8, 18, 43,
       37, 36, 39, 46, 13, 27, 50, 15,  7, 30, 47, 48, 45, 42, 20, 49, 52,
       10, 26, 41, 23, 16, 29, 58, 44, 53,  4, 24, 33, 17, 38, 19, 56, 59,
       25, 22,  1,  5, 51, 12, 32,  9,  6, 40]), 'epoch': 1, 'iter_in_epoch': 11, 'update': np.float64(0.6716335061687366), 'new_core_eval': np.True_}
2025-08-04 00:20:39,347 INFO optimization_monitor: optimizer internal status: () {'idx_set': array([14, 60, 57,  0,  2, 21, 28, 35, 34, 55, 31, 11, 54,  3,  8, 18, 43,
       37, 36, 39, 46, 13, 27, 50, 15,  7, 30, 47, 48, 45, 42, 20, 49, 52,
       10, 26, 41, 23, 16, 29, 58, 44, 53,  4, 24, 33, 17, 38, 19, 56, 59,
       25, 22,  1,  5, 51, 12, 32,  9,  6, 40]), 'epoch': 1, 'iter_in_epoch': 12, 'update': np.float64(-0.7533710626894705), 'new_core_eval': np.True_}
2025-08-04 00:20:39,759 INFO optimization_monitor: optimizer internal status: () {'idx_set': array([14, 60, 57,  0,  2, 21, 28, 35, 34, 55, 31, 11, 54,  3,  8, 18, 43,
       37, 36, 39, 46, 13, 27, 50, 15,  7, 30, 47, 48, 45, 42, 20, 49, 52,
       10, 26, 41, 23, 16, 29, 58, 44, 53,  4, 24, 33, 17, 38, 19, 56, 59,
       25, 22,  1,  5, 51, 12, 32,  9,  6, 40]), 'epoch': 1, 'iter_in_epoch': 13, 'update': np.float64(0.5213902519436084), 'new_core_eval': np.True_}
2025-08-04 00:20:40,175 INFO optimization_monitor: optimizer internal status: () {'idx_set': array([14, 60, 57,  0,  2, 21, 28, 35, 34, 55, 31, 11, 54,  3,  8, 18, 43,
       37, 36, 39, 46, 13, 27, 50, 15,  7, 30, 47, 48, 45, 42, 20, 49, 52,
       10, 26, 41, 23, 16, 29, 58, 44, 53,  4, 24, 33, 17, 38, 19, 56, 59,
       25, 22,  1,  5, 51, 12, 32,  9,  6, 40]), 'epoch': 1, 'iter_in_epoch': 14, 'update': np.float64(-0.6179006508841406), 'new_core_eval': np.True_}
2025-08-04 00:20:40,593 INFO optimization_monitor: optimizer internal status: () {'idx_set': array([14, 60, 57,  0,  2, 21, 28, 35, 34, 55, 31, 11, 54,  3,  8, 18, 43,
       37, 36, 39, 46, 13, 27, 50, 15,  7, 30, 47, 48, 45, 42, 20, 49, 52,
       10, 26, 41, 23, 16, 29, 58, 44, 53,  4, 24, 33, 17, 38, 19, 56, 59,
       25, 22,  1,  5, 51, 12, 32,  9,  6, 40]), 'epoch': 1, 'iter_in_epoch': 15, 'update': np.float64(0.23881904955831268), 'new_core_eval': np.True_}
2025-08-04 00:20:41,017 INFO optimization_monitor: optimizer internal status: () {'idx_set': array([14, 60, 57,  0,  2, 21, 28, 35, 34, 55, 31, 11, 54,  3,  8, 18, 43,
       37, 36, 39, 46, 13, 27, 50, 15,  7, 30, 47, 48, 45, 42, 20, 49, 52,
       10, 26, 41, 23, 16, 29, 58, 44, 53,  4, 24, 33, 17, 38, 19, 56, 59,
       25, 22,  1,  5, 51, 12, 32,  9,  6, 40]), 'epoch': 1, 'iter_in_epoch': 16, 'update': np.float64(-0.24759894178880382), 'new_core_eval': np.True_}
2025-08-04 00:20:41,415 INFO optimization_monitor: optimizer internal status: () {'idx_set': array([14, 60, 57,  0,  2, 21, 28, 35, 34, 55, 31, 11, 54,  3,  8, 18, 43,
       37, 36, 39, 46, 13, 27, 50, 15,  7, 30, 47, 48, 45, 42, 20, 49, 52,
       10, 26, 41, 23, 16, 29, 58, 44, 53,  4, 24, 33, 17, 38, 19, 56, 59,
       25, 22,  1,  5, 51, 12, 32,  9,  6, 40]), 'epoch': 1, 'iter_in_epoch': 17, 'update': np.float64(-0.24176428593360422), 'new_core_eval': np.True_}
2025-08-04 00:20:41,824 INFO optimization_monitor: optimizer internal status: () {'idx_set': array([14, 60, 57,  0,  2, 21, 28, 35, 34, 55, 31, 11, 54,  3,  8, 18, 43,
       37, 36, 39, 46, 13, 27, 50, 15,  7, 30, 47, 48, 45, 42, 20, 49, 52,
       10, 26, 41, 23, 16, 29, 58, 44, 53,  4, 24, 33, 17, 38, 19, 56, 59,
       25, 22,  1,  5, 51, 12, 32,  9,  6, 40]), 'epoch': 1, 'iter_in_epoch': 18, 'update': np.float64(0.785108776878396), 'new_core_eval': np.True_}
2025-08-04 00:20:42,229 INFO optimization_monitor: optimizer internal status: () {'idx_set': array([14, 60, 57,  0,  2, 21, 28, 35, 34, 55, 31, 11, 54,  3,  8, 18, 43,
       37, 36, 39, 46, 13, 27, 50, 15,  7, 30, 47, 48, 45, 42, 20, 49, 52,
       10, 26, 41, 23, 16, 29, 58, 44, 53,  4, 24, 33, 17, 38, 19, 56, 59,
       25, 22,  1,  5, 51, 12, 32,  9,  6, 40]), 'epoch': 1, 'iter_in_epoch': 19, 'update': np.float64(0.3160329639242109), 'new_core_eval': np.True_}
2025-08-04 00:20:42,636 INFO optimization_monitor: optimizer internal status: () {'idx_set': array([14, 60, 57,  0,  2, 21, 28, 35, 34, 55, 31, 11, 54,  3,  8, 18, 43,
       37, 36, 39, 46, 13, 27, 50, 15,  7, 30, 47, 48, 45, 42, 20, 49, 52,
       10, 26, 41, 23, 16, 29, 58, 44, 53,  4, 24, 33, 17, 38, 19, 56, 59,
       25, 22,  1,  5, 51, 12, 32,  9,  6, 40]), 'epoch': 1, 'iter_in_epoch': 20, 'update': np.float64(0.7251371206482573), 'new_core_eval': np.True_}
2025-08-04 00:20:43,060 INFO optimization_monitor: optimizer internal status: () {'idx_set': array([14, 60, 57,  0,  2, 21, 28, 35, 34, 55, 31, 11, 54,  3,  8, 18, 43,
       37, 36, 39, 46, 13, 27, 50, 15,  7, 30, 47, 48, 45, 42, 20, 49, 52,
       10, 26, 41, 23, 16, 29, 58, 44, 53,  4, 24, 33, 17, 38, 19, 56, 59,
       25, 22,  1,  5, 51, 12, 32,  9,  6, 40]), 'epoch': 1, 'iter_in_epoch': 21, 'update': np.float64(0.1312270962232055), 'new_core_eval': np.True_}
2025-08-04 00:20:43,483 INFO optimization_monitor: optimizer internal status: () {'idx_set': array([14, 60, 57,  0,  2, 21, 28, 35, 34, 55, 31, 11, 54,  3,  8, 18, 43,
       37, 36, 39, 46, 13, 27, 50, 15,  7, 30, 47, 48, 45, 42, 20, 49, 52,
       10, 26, 41, 23, 16, 29, 58, 44, 53,  4, 24, 33, 17, 38, 19, 56, 59,
       25, 22,  1,  5, 51, 12, 32,  9,  6, 40]), 'epoch': 1, 'iter_in_epoch': 22, 'update': np.float64(-0.014786985891139914), 'new_core_eval': np.True_}
2025-08-04 00:20:43,902 INFO optimization_monitor: optimizer internal status: () {'idx_set': array([14, 60, 57,  0,  2, 21, 28, 35, 34, 55, 31, 11, 54,  3,  8, 18, 43,
       37, 36, 39, 46, 13, 27, 50, 15,  7, 30, 47, 48, 45, 42, 20, 49, 52,
       10, 26, 41, 23, 16, 29, 58, 44, 53,  4, 24, 33, 17, 38, 19, 56, 59,
       25, 22,  1,  5, 51, 12, 32,  9,  6, 40]), 'epoch': 1, 'iter_in_epoch': 23, 'update': np.float64(0.7777148553651152), 'new_core_eval': np.True_}
2025-08-04 00:20:44,311 INFO optimization_monitor: optimizer internal status: () {'idx_set': array([14, 60, 57,  0,  2, 21, 28, 35, 34, 55, 31, 11, 54,  3,  8, 18, 43,
       37, 36, 39, 46, 13, 27, 50, 15,  7, 30, 47, 48, 45, 42, 20, 49, 52,
       10, 26, 41, 23, 16, 29, 58, 44, 53,  4, 24, 33, 17, 38, 19, 56, 59,
       25, 22,  1,  5, 51, 12, 32,  9,  6, 40]), 'epoch': 1, 'iter_in_epoch': 24, 'update': np.float64(-0.7022253007671522), 'new_core_eval': np.True_}
2025-08-04 00:20:44,711 INFO optimization_monitor: optimizer internal status: () {'idx_set': array([14, 60, 57,  0,  2, 21, 28, 35, 34, 55, 31, 11, 54,  3,  8, 18, 43,
       37, 36, 39, 46, 13, 27, 50, 15,  7, 30, 47, 48, 45, 42, 20, 49, 52,
       10, 26, 41, 23, 16, 29, 58, 44, 53,  4, 24, 33, 17, 38, 19, 56, 59,
       25, 22,  1,  5, 51, 12, 32,  9,  6, 40]), 'epoch': 1, 'iter_in_epoch': 25, 'update': np.float64(-1.2876500034169247), 'new_core_eval': np.True_}
2025-08-04 00:20:45,114 INFO optimization_monitor: optimizer internal status: () {'idx_set': array([14, 60, 57,  0,  2, 21, 28, 35, 34, 55, 31, 11, 54,  3,  8, 18, 43,
       37, 36, 39, 46, 13, 27, 50, 15,  7, 30, 47, 48, 45, 42, 20, 49, 52,
       10, 26, 41, 23, 16, 29, 58, 44, 53,  4, 24, 33, 17, 38, 19, 56, 59,
       25, 22,  1,  5, 51, 12, 32,  9,  6, 40]), 'epoch': 1, 'iter_in_epoch': 26, 'update': np.float64(-0.2519568733922395), 'new_core_eval': np.True_}
2025-08-04 00:20:45,522 INFO optimization_monitor: optimizer internal status: () {'idx_set': array([14, 60, 57,  0,  2, 21, 28, 35, 34, 55, 31, 11, 54,  3,  8, 18, 43,
       37, 36, 39, 46, 13, 27, 50, 15,  7, 30, 47, 48, 45, 42, 20, 49, 52,
       10, 26, 41, 23, 16, 29, 58, 44, 53,  4, 24, 33, 17, 38, 19, 56, 59,
       25, 22,  1,  5, 51, 12, 32,  9,  6, 40]), 'epoch': 1, 'iter_in_epoch': 27, 'update': np.float64(-0.3399488102442455), 'new_core_eval': np.True_}
2025-08-04 00:20:45,946 INFO optimization_monitor: optimizer internal status: () {'idx_set': array([14, 60, 57,  0,  2, 21, 28, 35, 34, 55, 31, 11, 54,  3,  8, 18, 43,
       37, 36, 39, 46, 13, 27, 50, 15,  7, 30, 47, 48, 45, 42, 20, 49, 52,
       10, 26, 41, 23, 16, 29, 58, 44, 53,  4, 24, 33, 17, 38, 19, 56, 59,
       25, 22,  1,  5, 51, 12, 32,  9,  6, 40]), 'epoch': 1, 'iter_in_epoch': 28, 'update': np.float64(0.7277336951498057), 'new_core_eval': np.True_}
2025-08-04 00:20:46,353 INFO optimization_monitor: optimizer internal status: () {'idx_set': array([14, 60, 57,  0,  2, 21, 28, 35, 34, 55, 31, 11, 54,  3,  8, 18, 43,
       37, 36, 39, 46, 13, 27, 50, 15,  7, 30, 47, 48, 45, 42, 20, 49, 52,
       10, 26, 41, 23, 16, 29, 58, 44, 53,  4, 24, 33, 17, 38, 19, 56, 59,
       25, 22,  1,  5, 51, 12, 32,  9,  6, 40]), 'epoch': 1, 'iter_in_epoch': 29, 'update': np.float64(-0.4692903100220477), 'new_core_eval': np.True_}
2025-08-04 00:20:46,771 INFO optimization_monitor: optimizer internal status: () {'idx_set': array([14, 60, 57,  0,  2, 21, 28, 35, 34, 55, 31, 11, 54,  3,  8, 18, 43,
       37, 36, 39, 46, 13, 27, 50, 15,  7, 30, 47, 48, 45, 42, 20, 49, 52,
       10, 26, 41, 23, 16, 29, 58, 44, 53,  4, 24, 33, 17, 38, 19, 56, 59,
       25, 22,  1,  5, 51, 12, 32,  9,  6, 40]), 'epoch': 1, 'iter_in_epoch': 30, 'update': np.float64(-0.1329486116650109), 'new_core_eval': np.True_}
2025-08-04 00:20:47,203 INFO optimization_monitor: optimizer internal status: () {'idx_set': array([14, 60, 57,  0,  2, 21, 28, 35, 34, 55, 31, 11, 54,  3,  8, 18, 43,
       37, 36, 39, 46, 13, 27, 50, 15,  7, 30, 47, 48, 45, 42, 20, 49, 52,
       10, 26, 41, 23, 16, 29, 58, 44, 53,  4, 24, 33, 17, 38, 19, 56, 59,
       25, 22,  1,  5, 51, 12, 32,  9,  6, 40]), 'epoch': 1, 'iter_in_epoch': 31, 'update': np.float64(0.1399921522623484), 'new_core_eval': np.True_}
2025-08-04 00:20:47,640 INFO optimization_monitor: optimizer internal status: () {'idx_set': array([14, 60, 57,  0,  2, 21, 28, 35, 34, 55, 31, 11, 54,  3,  8, 18, 43,
       37, 36, 39, 46, 13, 27, 50, 15,  7, 30, 47, 48, 45, 42, 20, 49, 52,
       10, 26, 41, 23, 16, 29, 58, 44, 53,  4, 24, 33, 17, 38, 19, 56, 59,
       25, 22,  1,  5, 51, 12, 32,  9,  6, 40]), 'epoch': 1, 'iter_in_epoch': 32, 'update': np.float64(0.2580350080506735), 'new_core_eval': np.True_}
2025-08-04 00:20:48,079 INFO optimization_monitor: optimizer internal status: () {'idx_set': array([14, 60, 57,  0,  2, 21, 28, 35, 34, 55, 31, 11, 54,  3,  8, 18, 43,
       37, 36, 39, 46, 13, 27, 50, 15,  7, 30, 47, 48, 45, 42, 20, 49, 52,
       10, 26, 41, 23, 16, 29, 58, 44, 53,  4, 24, 33, 17, 38, 19, 56, 59,
       25, 22,  1,  5, 51, 12, 32,  9,  6, 40]), 'epoch': 1, 'iter_in_epoch': 33, 'update': np.float64(0.9026430757052246), 'new_core_eval': np.True_}
2025-08-04 00:20:48,503 INFO optimization_monitor: optimizer internal status: () {'idx_set': array([14, 60, 57,  0,  2, 21, 28, 35, 34, 55, 31, 11, 54,  3,  8, 18, 43,
       37, 36, 39, 46, 13, 27, 50, 15,  7, 30, 47, 48, 45, 42, 20, 49, 52,
       10, 26, 41, 23, 16, 29, 58, 44, 53,  4, 24, 33, 17, 38, 19, 56, 59,
       25, 22,  1,  5, 51, 12, 32,  9,  6, 40]), 'epoch': 1, 'iter_in_epoch': 34, 'update': np.float64(-0.4872516919183774), 'new_core_eval': np.True_}
2025-08-04 00:20:48,920 INFO optimization_monitor: optimizer internal status: () {'idx_set': array([14, 60, 57,  0,  2, 21, 28, 35, 34, 55, 31, 11, 54,  3,  8, 18, 43,
       37, 36, 39, 46, 13, 27, 50, 15,  7, 30, 47, 48, 45, 42, 20, 49, 52,
       10, 26, 41, 23, 16, 29, 58, 44, 53,  4, 24, 33, 17, 38, 19, 56, 59,
       25, 22,  1,  5, 51, 12, 32,  9,  6, 40]), 'epoch': 1, 'iter_in_epoch': 35, 'update': np.float64(0.5170157362243897), 'new_core_eval': np.True_}
2025-08-04 00:20:49,357 INFO optimization_monitor: optimizer internal status: () {'idx_set': array([14, 60, 57,  0,  2, 21, 28, 35, 34, 55, 31, 11, 54,  3,  8, 18, 43,
       37, 36, 39, 46, 13, 27, 50, 15,  7, 30, 47, 48, 45, 42, 20, 49, 52,
       10, 26, 41, 23, 16, 29, 58, 44, 53,  4, 24, 33, 17, 38, 19, 56, 59,
       25, 22,  1,  5, 51, 12, 32,  9,  6, 40]), 'epoch': 1, 'iter_in_epoch': 36, 'update': np.float64(-1.2331598581325949), 'new_core_eval': np.True_}
2025-08-04 00:20:49,766 INFO optimization_monitor: optimizer internal status: () {'idx_set': array([14, 60, 57,  0,  2, 21, 28, 35, 34, 55, 31, 11, 54,  3,  8, 18, 43,
       37, 36, 39, 46, 13, 27, 50, 15,  7, 30, 47, 48, 45, 42, 20, 49, 52,
       10, 26, 41, 23, 16, 29, 58, 44, 53,  4, 24, 33, 17, 38, 19, 56, 59,
       25, 22,  1,  5, 51, 12, 32,  9,  6, 40]), 'epoch': 1, 'iter_in_epoch': 37, 'update': np.float64(-0.13031131871899515), 'new_core_eval': np.True_}
2025-08-04 00:20:50,174 INFO optimization_monitor: optimizer internal status: () {'idx_set': array([14, 60, 57,  0,  2, 21, 28, 35, 34, 55, 31, 11, 54,  3,  8, 18, 43,
       37, 36, 39, 46, 13, 27, 50, 15,  7, 30, 47, 48, 45, 42, 20, 49, 52,
       10, 26, 41, 23, 16, 29, 58, 44, 53,  4, 24, 33, 17, 38, 19, 56, 59,
       25, 22,  1,  5, 51, 12, 32,  9,  6, 40]), 'epoch': 1, 'iter_in_epoch': 38, 'update': np.float64(-0.7810863901884664), 'new_core_eval': np.True_}
2025-08-04 00:20:50,587 INFO optimization_monitor: optimizer internal status: () {'idx_set': array([14, 60, 57,  0,  2, 21, 28, 35, 34, 55, 31, 11, 54,  3,  8, 18, 43,
       37, 36, 39, 46, 13, 27, 50, 15,  7, 30, 47, 48, 45, 42, 20, 49, 52,
       10, 26, 41, 23, 16, 29, 58, 44, 53,  4, 24, 33, 17, 38, 19, 56, 59,
       25, 22,  1,  5, 51, 12, 32,  9,  6, 40]), 'epoch': 1, 'iter_in_epoch': 39, 'update': np.float64(-0.8615455469776613), 'new_core_eval': np.True_}
2025-08-04 00:20:50,996 INFO optimization_monitor: optimizer internal status: () {'idx_set': array([14, 60, 57,  0,  2, 21, 28, 35, 34, 55, 31, 11, 54,  3,  8, 18, 43,
       37, 36, 39, 46, 13, 27, 50, 15,  7, 30, 47, 48, 45, 42, 20, 49, 52,
       10, 26, 41, 23, 16, 29, 58, 44, 53,  4, 24, 33, 17, 38, 19, 56, 59,
       25, 22,  1,  5, 51, 12, 32,  9,  6, 40]), 'epoch': 1, 'iter_in_epoch': 40, 'update': np.float64(0.0954349424564831), 'new_core_eval': np.True_}
2025-08-04 00:20:51,421 INFO optimization_monitor: optimizer internal status: () {'idx_set': array([14, 60, 57,  0,  2, 21, 28, 35, 34, 55, 31, 11, 54,  3,  8, 18, 43,
       37, 36, 39, 46, 13, 27, 50, 15,  7, 30, 47, 48, 45, 42, 20, 49, 52,
       10, 26, 41, 23, 16, 29, 58, 44, 53,  4, 24, 33, 17, 38, 19, 56, 59,
       25, 22,  1,  5, 51, 12, 32,  9,  6, 40]), 'epoch': 1, 'iter_in_epoch': 41, 'update': np.float64(1.3592604909504935), 'new_core_eval': np.True_}
2025-08-04 00:20:51,836 INFO optimization_monitor: optimizer internal status: () {'idx_set': array([14, 60, 57,  0,  2, 21, 28, 35, 34, 55, 31, 11, 54,  3,  8, 18, 43,
       37, 36, 39, 46, 13, 27, 50, 15,  7, 30, 47, 48, 45, 42, 20, 49, 52,
       10, 26, 41, 23, 16, 29, 58, 44, 53,  4, 24, 33, 17, 38, 19, 56, 59,
       25, 22,  1,  5, 51, 12, 32,  9,  6, 40]), 'epoch': 1, 'iter_in_epoch': 42, 'update': np.float64(-0.4863700664687486), 'new_core_eval': np.True_}
2025-08-04 00:20:52,233 INFO optimization_monitor: optimizer internal status: () {'idx_set': array([14, 60, 57,  0,  2, 21, 28, 35, 34, 55, 31, 11, 54,  3,  8, 18, 43,
       37, 36, 39, 46, 13, 27, 50, 15,  7, 30, 47, 48, 45, 42, 20, 49, 52,
       10, 26, 41, 23, 16, 29, 58, 44, 53,  4, 24, 33, 17, 38, 19, 56, 59,
       25, 22,  1,  5, 51, 12, 32,  9,  6, 40]), 'epoch': 1, 'iter_in_epoch': 43, 'update': np.float64(4.497860458678218), 'new_core_eval': np.True_}
2025-08-04 00:20:52,645 INFO optimization_monitor: optimizer internal status: () {'idx_set': array([14, 60, 57,  0,  2, 21, 28, 35, 34, 55, 31, 11, 54,  3,  8, 18, 43,
       37, 36, 39, 46, 13, 27, 50, 15,  7, 30, 47, 48, 45, 42, 20, 49, 52,
       10, 26, 41, 23, 16, 29, 58, 44, 53,  4, 24, 33, 17, 38, 19, 56, 59,
       25, 22,  1,  5, 51, 12, 32,  9,  6, 40]), 'epoch': 1, 'iter_in_epoch': 44, 'update': np.float64(0.696006371819319), 'new_core_eval': np.True_}
2025-08-04 00:20:53,055 INFO optimization_monitor: optimizer internal status: () {'idx_set': array([14, 60, 57,  0,  2, 21, 28, 35, 34, 55, 31, 11, 54,  3,  8, 18, 43,
       37, 36, 39, 46, 13, 27, 50, 15,  7, 30, 47, 48, 45, 42, 20, 49, 52,
       10, 26, 41, 23, 16, 29, 58, 44, 53,  4, 24, 33, 17, 38, 19, 56, 59,
       25, 22,  1,  5, 51, 12, 32,  9,  6, 40]), 'epoch': 1, 'iter_in_epoch': 45, 'update': np.float64(-0.7355328336147403), 'new_core_eval': np.True_}
2025-08-04 00:20:53,470 INFO optimization_monitor: optimizer internal status: () {'idx_set': array([14, 60, 57,  0,  2, 21, 28, 35, 34, 55, 31, 11, 54,  3,  8, 18, 43,
       37, 36, 39, 46, 13, 27, 50, 15,  7, 30, 47, 48, 45, 42, 20, 49, 52,
       10, 26, 41, 23, 16, 29, 58, 44, 53,  4, 24, 33, 17, 38, 19, 56, 59,
       25, 22,  1,  5, 51, 12, 32,  9,  6, 40]), 'epoch': 1, 'iter_in_epoch': 46, 'update': np.float64(-0.560849010345022), 'new_core_eval': np.True_}
2025-08-04 00:20:53,879 INFO optimization_monitor: optimizer internal status: () {'idx_set': array([14, 60, 57,  0,  2, 21, 28, 35, 34, 55, 31, 11, 54,  3,  8, 18, 43,
       37, 36, 39, 46, 13, 27, 50, 15,  7, 30, 47, 48, 45, 42, 20, 49, 52,
       10, 26, 41, 23, 16, 29, 58, 44, 53,  4, 24, 33, 17, 38, 19, 56, 59,
       25, 22,  1,  5, 51, 12, 32,  9,  6, 40]), 'epoch': 1, 'iter_in_epoch': 47, 'update': np.float64(-0.5781203650047979), 'new_core_eval': np.True_}
2025-08-04 00:20:54,305 INFO optimization_monitor: optimizer internal status: () {'idx_set': array([14, 60, 57,  0,  2, 21, 28, 35, 34, 55, 31, 11, 54,  3,  8, 18, 43,
       37, 36, 39, 46, 13, 27, 50, 15,  7, 30, 47, 48, 45, 42, 20, 49, 52,
       10, 26, 41, 23, 16, 29, 58, 44, 53,  4, 24, 33, 17, 38, 19, 56, 59,
       25, 22,  1,  5, 51, 12, 32,  9,  6, 40]), 'epoch': 1, 'iter_in_epoch': 48, 'update': np.float64(-0.12324598340160353), 'new_core_eval': np.True_}
2025-08-04 00:20:54,723 INFO optimization_monitor: optimizer internal status: () {'idx_set': array([14, 60, 57,  0,  2, 21, 28, 35, 34, 55, 31, 11, 54,  3,  8, 18, 43,
       37, 36, 39, 46, 13, 27, 50, 15,  7, 30, 47, 48, 45, 42, 20, 49, 52,
       10, 26, 41, 23, 16, 29, 58, 44, 53,  4, 24, 33, 17, 38, 19, 56, 59,
       25, 22,  1,  5, 51, 12, 32,  9,  6, 40]), 'epoch': 1, 'iter_in_epoch': 49, 'update': np.float64(0.46305594372612857), 'new_core_eval': np.True_}
2025-08-04 00:20:55,112 INFO optimization_monitor: optimizer internal status: () {'idx_set': array([14, 60, 57,  0,  2, 21, 28, 35, 34, 55, 31, 11, 54,  3,  8, 18, 43,
       37, 36, 39, 46, 13, 27, 50, 15,  7, 30, 47, 48, 45, 42, 20, 49, 52,
       10, 26, 41, 23, 16, 29, 58, 44, 53,  4, 24, 33, 17, 38, 19, 56, 59,
       25, 22,  1,  5, 51, 12, 32,  9,  6, 40]), 'epoch': 1, 'iter_in_epoch': 50, 'update': np.float64(0.8147261699680519), 'new_core_eval': np.True_}
2025-08-04 00:20:55,508 INFO optimization_monitor: optimizer internal status: () {'idx_set': array([14, 60, 57,  0,  2, 21, 28, 35, 34, 55, 31, 11, 54,  3,  8, 18, 43,
       37, 36, 39, 46, 13, 27, 50, 15,  7, 30, 47, 48, 45, 42, 20, 49, 52,
       10, 26, 41, 23, 16, 29, 58, 44, 53,  4, 24, 33, 17, 38, 19, 56, 59,
       25, 22,  1,  5, 51, 12, 32,  9,  6, 40]), 'epoch': 1, 'iter_in_epoch': 51, 'update': np.float64(-0.5410970125080218), 'new_core_eval': np.True_}
2025-08-04 00:20:55,894 INFO optimization_monitor: optimizer internal status: () {'idx_set': array([14, 60, 57,  0,  2, 21, 28, 35, 34, 55, 31, 11, 54,  3,  8, 18, 43,
       37, 36, 39, 46, 13, 27, 50, 15,  7, 30, 47, 48, 45, 42, 20, 49, 52,
       10, 26, 41, 23, 16, 29, 58, 44, 53,  4, 24, 33, 17, 38, 19, 56, 59,
       25, 22,  1,  5, 51, 12, 32,  9,  6, 40]), 'epoch': 1, 'iter_in_epoch': 52, 'update': np.float64(0.5106955448494369), 'new_core_eval': np.True_}
2025-08-04 00:20:56,290 INFO optimization_monitor: optimizer internal status: () {'idx_set': array([14, 60, 57,  0,  2, 21, 28, 35, 34, 55, 31, 11, 54,  3,  8, 18, 43,
       37, 36, 39, 46, 13, 27, 50, 15,  7, 30, 47, 48, 45, 42, 20, 49, 52,
       10, 26, 41, 23, 16, 29, 58, 44, 53,  4, 24, 33, 17, 38, 19, 56, 59,
       25, 22,  1,  5, 51, 12, 32,  9,  6, 40]), 'epoch': 1, 'iter_in_epoch': 53, 'update': np.float64(-0.4554847332370402), 'new_core_eval': np.True_}
2025-08-04 00:20:56,689 INFO optimization_monitor: optimizer internal status: () {'idx_set': array([14, 60, 57,  0,  2, 21, 28, 35, 34, 55, 31, 11, 54,  3,  8, 18, 43,
       37, 36, 39, 46, 13, 27, 50, 15,  7, 30, 47, 48, 45, 42, 20, 49, 52,
       10, 26, 41, 23, 16, 29, 58, 44, 53,  4, 24, 33, 17, 38, 19, 56, 59,
       25, 22,  1,  5, 51, 12, 32,  9,  6, 40]), 'epoch': 1, 'iter_in_epoch': 54, 'update': np.float64(-0.5723748537647512), 'new_core_eval': np.True_}
2025-08-04 00:20:57,072 INFO optimization_monitor: optimizer internal status: () {'idx_set': array([14, 60, 57,  0,  2, 21, 28, 35, 34, 55, 31, 11, 54,  3,  8, 18, 43,
       37, 36, 39, 46, 13, 27, 50, 15,  7, 30, 47, 48, 45, 42, 20, 49, 52,
       10, 26, 41, 23, 16, 29, 58, 44, 53,  4, 24, 33, 17, 38, 19, 56, 59,
       25, 22,  1,  5, 51, 12, 32,  9,  6, 40]), 'epoch': 1, 'iter_in_epoch': 55, 'update': np.float64(-0.75892731532835), 'new_core_eval': np.True_}
2025-08-04 00:20:57,451 INFO optimization_monitor: optimizer internal status: () {'idx_set': array([14, 60, 57,  0,  2, 21, 28, 35, 34, 55, 31, 11, 54,  3,  8, 18, 43,
       37, 36, 39, 46, 13, 27, 50, 15,  7, 30, 47, 48, 45, 42, 20, 49, 52,
       10, 26, 41, 23, 16, 29, 58, 44, 53,  4, 24, 33, 17, 38, 19, 56, 59,
       25, 22,  1,  5, 51, 12, 32,  9,  6, 40]), 'epoch': 1, 'iter_in_epoch': 56, 'update': np.float64(0.5579494017668463), 'new_core_eval': np.True_}
2025-08-04 00:20:57,827 INFO optimization_monitor: optimizer internal status: () {'idx_set': array([14, 60, 57,  0,  2, 21, 28, 35, 34, 55, 31, 11, 54,  3,  8, 18, 43,
       37, 36, 39, 46, 13, 27, 50, 15,  7, 30, 47, 48, 45, 42, 20, 49, 52,
       10, 26, 41, 23, 16, 29, 58, 44, 53,  4, 24, 33, 17, 38, 19, 56, 59,
       25, 22,  1,  5, 51, 12, 32,  9,  6, 40]), 'epoch': 1, 'iter_in_epoch': 57, 'update': np.float64(-0.21842060193851764), 'new_core_eval': np.True_}
2025-08-04 00:20:58,216 INFO optimization_monitor: optimizer internal status: () {'idx_set': array([14, 60, 57,  0,  2, 21, 28, 35, 34, 55, 31, 11, 54,  3,  8, 18, 43,
       37, 36, 39, 46, 13, 27, 50, 15,  7, 30, 47, 48, 45, 42, 20, 49, 52,
       10, 26, 41, 23, 16, 29, 58, 44, 53,  4, 24, 33, 17, 38, 19, 56, 59,
       25, 22,  1,  5, 51, 12, 32,  9,  6, 40]), 'epoch': 1, 'iter_in_epoch': 58, 'update': np.float64(0.7998427159883548), 'new_core_eval': np.True_}
2025-08-04 00:20:58,577 INFO optimization_monitor: optimizer internal status: () {'idx_set': array([14, 60, 57,  0,  2, 21, 28, 35, 34, 55, 31, 11, 54,  3,  8, 18, 43,
       37, 36, 39, 46, 13, 27, 50, 15,  7, 30, 47, 48, 45, 42, 20, 49, 52,
       10, 26, 41, 23, 16, 29, 58, 44, 53,  4, 24, 33, 17, 38, 19, 56, 59,
       25, 22,  1,  5, 51, 12, 32,  9,  6, 40]), 'epoch': 1, 'iter_in_epoch': 59, 'update': np.float64(0.8980741475347482), 'new_core_eval': np.True_}
2025-08-04 00:20:58,939 INFO optimization_monitor: optimizer internal status: () {'idx_set': array([14, 60, 57,  0,  2, 21, 28, 35, 34, 55, 31, 11, 54,  3,  8, 18, 43,
       37, 36, 39, 46, 13, 27, 50, 15,  7, 30, 47, 48, 45, 42, 20, 49, 52,
       10, 26, 41, 23, 16, 29, 58, 44, 53,  4, 24, 33, 17, 38, 19, 56, 59,
       25, 22,  1,  5, 51, 12, 32,  9,  6, 40]), 'epoch': 1, 'iter_in_epoch': 60, 'update': np.float64(0.5716031979805736), 'new_core_eval': np.True_}
2025-08-04 00:20:59,317 INFO optimization_monitor: optimizer internal status: () {'idx_set': array([41, 29, 24, 10, 45, 43, 33,  5, 49, 35, 40, 46, 56,  4,  0, 21, 20,
       17, 37, 53, 58, 38,  3, 14,  8, 39, 42, 32, 59, 54, 34, 44, 22, 31,
       52, 30, 50, 15, 27,  7, 51,  1, 18, 13, 47, 16, 57,  2, 36, 26, 19,
       11, 25, 12, 55,  9,  6, 28, 60, 23, 48]), 'epoch': 2, 'iter_in_epoch': 0, 'update': np.float64(0.29761999377846626), 'new_core_eval': np.True_}
2025-08-04 00:20:59,710 INFO optimization_monitor: optimizer internal status: () {'idx_set': array([41, 29, 24, 10, 45, 43, 33,  5, 49, 35, 40, 46, 56,  4,  0, 21, 20,
       17, 37, 53, 58, 38,  3, 14,  8, 39, 42, 32, 59, 54, 34, 44, 22, 31,
       52, 30, 50, 15, 27,  7, 51,  1, 18, 13, 47, 16, 57,  2, 36, 26, 19,
       11, 25, 12, 55,  9,  6, 28, 60, 23, 48]), 'epoch': 2, 'iter_in_epoch': 1, 'update': np.float64(-0.03602145681115068), 'new_core_eval': np.True_}
2025-08-04 00:21:00,078 INFO optimization_monitor: optimizer internal status: () {'idx_set': array([41, 29, 24, 10, 45, 43, 33,  5, 49, 35, 40, 46, 56,  4,  0, 21, 20,
       17, 37, 53, 58, 38,  3, 14,  8, 39, 42, 32, 59, 54, 34, 44, 22, 31,
       52, 30, 50, 15, 27,  7, 51,  1, 18, 13, 47, 16, 57,  2, 36, 26, 19,
       11, 25, 12, 55,  9,  6, 28, 60, 23, 48]), 'epoch': 2, 'iter_in_epoch': 2, 'update': np.float64(-0.21078911519493104), 'new_core_eval': np.True_}
2025-08-04 00:21:00,448 INFO optimization_monitor: optimizer internal status: () {'idx_set': array([41, 29, 24, 10, 45, 43, 33,  5, 49, 35, 40, 46, 56,  4,  0, 21, 20,
       17, 37, 53, 58, 38,  3, 14,  8, 39, 42, 32, 59, 54, 34, 44, 22, 31,
       52, 30, 50, 15, 27,  7, 51,  1, 18, 13, 47, 16, 57,  2, 36, 26, 19,
       11, 25, 12, 55,  9,  6, 28, 60, 23, 48]), 'epoch': 2, 'iter_in_epoch': 3, 'update': np.float64(0.5202357557090451), 'new_core_eval': np.True_}
2025-08-04 00:21:00,816 INFO optimization_monitor: optimizer internal status: () {'idx_set': array([41, 29, 24, 10, 45, 43, 33,  5, 49, 35, 40, 46, 56,  4,  0, 21, 20,
       17, 37, 53, 58, 38,  3, 14,  8, 39, 42, 32, 59, 54, 34, 44, 22, 31,
       52, 30, 50, 15, 27,  7, 51,  1, 18, 13, 47, 16, 57,  2, 36, 26, 19,
       11, 25, 12, 55,  9,  6, 28, 60, 23, 48]), 'epoch': 2, 'iter_in_epoch': 4, 'update': np.float64(-0.6924490672785382), 'new_core_eval': np.True_}
2025-08-04 00:21:01,173 INFO optimization_monitor: optimizer internal status: () {'idx_set': array([41, 29, 24, 10, 45, 43, 33,  5, 49, 35, 40, 46, 56,  4,  0, 21, 20,
       17, 37, 53, 58, 38,  3, 14,  8, 39, 42, 32, 59, 54, 34, 44, 22, 31,
       52, 30, 50, 15, 27,  7, 51,  1, 18, 13, 47, 16, 57,  2, 36, 26, 19,
       11, 25, 12, 55,  9,  6, 28, 60, 23, 48]), 'epoch': 2, 'iter_in_epoch': 5, 'update': np.float64(-0.1806800038385148), 'new_core_eval': np.True_}
2025-08-04 00:21:01,526 INFO optimization_monitor: optimizer internal status: () {'idx_set': array([41, 29, 24, 10, 45, 43, 33,  5, 49, 35, 40, 46, 56,  4,  0, 21, 20,
       17, 37, 53, 58, 38,  3, 14,  8, 39, 42, 32, 59, 54, 34, 44, 22, 31,
       52, 30, 50, 15, 27,  7, 51,  1, 18, 13, 47, 16, 57,  2, 36, 26, 19,
       11, 25, 12, 55,  9,  6, 28, 60, 23, 48]), 'epoch': 2, 'iter_in_epoch': 6, 'update': np.float64(-0.08475880267771574), 'new_core_eval': np.True_}
2025-08-04 00:21:01,895 INFO optimization_monitor: optimizer internal status: () {'idx_set': array([41, 29, 24, 10, 45, 43, 33,  5, 49, 35, 40, 46, 56,  4,  0, 21, 20,
       17, 37, 53, 58, 38,  3, 14,  8, 39, 42, 32, 59, 54, 34, 44, 22, 31,
       52, 30, 50, 15, 27,  7, 51,  1, 18, 13, 47, 16, 57,  2, 36, 26, 19,
       11, 25, 12, 55,  9,  6, 28, 60, 23, 48]), 'epoch': 2, 'iter_in_epoch': 7, 'update': np.float64(0.3556930432233752), 'new_core_eval': np.True_}
2025-08-04 00:21:02,265 INFO optimization_monitor: optimizer internal status: () {'idx_set': array([41, 29, 24, 10, 45, 43, 33,  5, 49, 35, 40, 46, 56,  4,  0, 21, 20,
       17, 37, 53, 58, 38,  3, 14,  8, 39, 42, 32, 59, 54, 34, 44, 22, 31,
       52, 30, 50, 15, 27,  7, 51,  1, 18, 13, 47, 16, 57,  2, 36, 26, 19,
       11, 25, 12, 55,  9,  6, 28, 60, 23, 48]), 'epoch': 2, 'iter_in_epoch': 8, 'update': np.float64(-0.6754683896288101), 'new_core_eval': np.True_}
2025-08-04 00:21:02,618 INFO optimization_monitor: optimizer internal status: () {'idx_set': array([41, 29, 24, 10, 45, 43, 33,  5, 49, 35, 40, 46, 56,  4,  0, 21, 20,
       17, 37, 53, 58, 38,  3, 14,  8, 39, 42, 32, 59, 54, 34, 44, 22, 31,
       52, 30, 50, 15, 27,  7, 51,  1, 18, 13, 47, 16, 57,  2, 36, 26, 19,
       11, 25, 12, 55,  9,  6, 28, 60, 23, 48]), 'epoch': 2, 'iter_in_epoch': 9, 'update': np.float64(-0.9937498290638866), 'new_core_eval': np.True_}
2025-08-04 00:21:02,963 INFO optimization_monitor: optimizer internal status: () {'idx_set': array([41, 29, 24, 10, 45, 43, 33,  5, 49, 35, 40, 46, 56,  4,  0, 21, 20,
       17, 37, 53, 58, 38,  3, 14,  8, 39, 42, 32, 59, 54, 34, 44, 22, 31,
       52, 30, 50, 15, 27,  7, 51,  1, 18, 13, 47, 16, 57,  2, 36, 26, 19,
       11, 25, 12, 55,  9,  6, 28, 60, 23, 48]), 'epoch': 2, 'iter_in_epoch': 10, 'update': np.float64(0.5451822999446564), 'new_core_eval': np.True_}
2025-08-04 00:21:03,324 INFO optimization_monitor: optimizer internal status: () {'idx_set': array([41, 29, 24, 10, 45, 43, 33,  5, 49, 35, 40, 46, 56,  4,  0, 21, 20,
       17, 37, 53, 58, 38,  3, 14,  8, 39, 42, 32, 59, 54, 34, 44, 22, 31,
       52, 30, 50, 15, 27,  7, 51,  1, 18, 13, 47, 16, 57,  2, 36, 26, 19,
       11, 25, 12, 55,  9,  6, 28, 60, 23, 48]), 'epoch': 2, 'iter_in_epoch': 11, 'update': np.float64(-0.013987735813475233), 'new_core_eval': np.True_}
2025-08-04 00:21:03,689 INFO optimization_monitor: optimizer internal status: () {'idx_set': array([41, 29, 24, 10, 45, 43, 33,  5, 49, 35, 40, 46, 56,  4,  0, 21, 20,
       17, 37, 53, 58, 38,  3, 14,  8, 39, 42, 32, 59, 54, 34, 44, 22, 31,
       52, 30, 50, 15, 27,  7, 51,  1, 18, 13, 47, 16, 57,  2, 36, 26, 19,
       11, 25, 12, 55,  9,  6, 28, 60, 23, 48]), 'epoch': 2, 'iter_in_epoch': 12, 'update': np.float64(-0.7493975536288409), 'new_core_eval': np.True_}
2025-08-04 00:21:04,055 INFO optimization_monitor: optimizer internal status: () {'idx_set': array([41, 29, 24, 10, 45, 43, 33,  5, 49, 35, 40, 46, 56,  4,  0, 21, 20,
       17, 37, 53, 58, 38,  3, 14,  8, 39, 42, 32, 59, 54, 34, 44, 22, 31,
       52, 30, 50, 15, 27,  7, 51,  1, 18, 13, 47, 16, 57,  2, 36, 26, 19,
       11, 25, 12, 55,  9,  6, 28, 60, 23, 48]), 'epoch': 2, 'iter_in_epoch': 13, 'update': np.float64(0.7517257488646591), 'new_core_eval': np.True_}
2025-08-04 00:21:04,400 INFO optimization_monitor: optimizer internal status: () {'idx_set': array([41, 29, 24, 10, 45, 43, 33,  5, 49, 35, 40, 46, 56,  4,  0, 21, 20,
       17, 37, 53, 58, 38,  3, 14,  8, 39, 42, 32, 59, 54, 34, 44, 22, 31,
       52, 30, 50, 15, 27,  7, 51,  1, 18, 13, 47, 16, 57,  2, 36, 26, 19,
       11, 25, 12, 55,  9,  6, 28, 60, 23, 48]), 'epoch': 2, 'iter_in_epoch': 14, 'update': np.float64(-0.7284326655333357), 'new_core_eval': np.True_}
2025-08-04 00:21:04,769 INFO optimization_monitor: optimizer internal status: () {'idx_set': array([41, 29, 24, 10, 45, 43, 33,  5, 49, 35, 40, 46, 56,  4,  0, 21, 20,
       17, 37, 53, 58, 38,  3, 14,  8, 39, 42, 32, 59, 54, 34, 44, 22, 31,
       52, 30, 50, 15, 27,  7, 51,  1, 18, 13, 47, 16, 57,  2, 36, 26, 19,
       11, 25, 12, 55,  9,  6, 28, 60, 23, 48]), 'epoch': 2, 'iter_in_epoch': 15, 'update': np.float64(0.2593249088757472), 'new_core_eval': np.True_}
2025-08-04 00:21:05,128 INFO optimization_monitor: optimizer internal status: () {'idx_set': array([41, 29, 24, 10, 45, 43, 33,  5, 49, 35, 40, 46, 56,  4,  0, 21, 20,
       17, 37, 53, 58, 38,  3, 14,  8, 39, 42, 32, 59, 54, 34, 44, 22, 31,
       52, 30, 50, 15, 27,  7, 51,  1, 18, 13, 47, 16, 57,  2, 36, 26, 19,
       11, 25, 12, 55,  9,  6, 28, 60, 23, 48]), 'epoch': 2, 'iter_in_epoch': 16, 'update': np.float64(-0.6564347723131991), 'new_core_eval': np.True_}
2025-08-04 00:21:05,495 INFO optimization_monitor: optimizer internal status: () {'idx_set': array([41, 29, 24, 10, 45, 43, 33,  5, 49, 35, 40, 46, 56,  4,  0, 21, 20,
       17, 37, 53, 58, 38,  3, 14,  8, 39, 42, 32, 59, 54, 34, 44, 22, 31,
       52, 30, 50, 15, 27,  7, 51,  1, 18, 13, 47, 16, 57,  2, 36, 26, 19,
       11, 25, 12, 55,  9,  6, 28, 60, 23, 48]), 'epoch': 2, 'iter_in_epoch': 17, 'update': np.float64(0.08127287330324195), 'new_core_eval': np.True_}
